<?xml version="1.0" encoding="UTF-8"?>
<!-- Generated by org.testng.reporters.JUnitXMLReporter -->
<testsuite ignored="0" hostname="Nitins-MacBook-Pro.local" failures="1" tests="10" name="TestReport1" time="146.076" errors="0" timestamp="2024-02-20T23:01:22 PST">
  <testcase classname="com.salesforce.base.BaseSalesForceClass" name="@AfterMethod tearDownAfterTestMethod" time="20.006">
    <failure type="org.openqa.selenium.WebDriverException" message="unknown error: failed to close window in 20 seconds
  (Session info: chrome=121.0.6167.184)
Build info: version: &amp;apos;3.141.59&amp;apos;, revision: &amp;apos;e82be7d358&amp;apos;, time: &amp;apos;2018-11-14T08:17:03&amp;apos;
System info: host: &amp;apos;Nitins-MacBook-Pro.local&amp;apos;, ip: &amp;apos;2601:646:8084:4d20:c5c3:1481:ce7f:a1ad%en0&amp;apos;, os.name: &amp;apos;Mac OS X&amp;apos;, os.arch: &amp;apos;x86_64&amp;apos;, os.version: &amp;apos;10.16&amp;apos;, java.version: &amp;apos;15.0.1&amp;apos;
Driver info: org.openqa.selenium.chrome.ChromeDriver
Capabilities {acceptInsecureCerts: false, browserName: chrome, browserVersion: 121.0.6167.184, chrome: {chromedriverVersion: 121.0.6167.184 (057a8ae7deb..., userDataDir: /var/folders/gx/qjsbcn6d6d3...}, fedcm:accounts: true, goog:chromeOptions: {debuggerAddress: localhost:53291}, javascriptEnabled: true, networkConnectionEnabled: false, pageLoadStrategy: normal, platform: MAC, platformName: MAC, proxy: Proxy(), setWindowRect: true, strictFileInteractability: false, timeouts: {implicit: 0, pageLoad: 300000, script: 30000}, unhandledPromptBehavior: dismiss and notify, webauthn:extension:credBlob: true, webauthn:extension:largeBlob: true, webauthn:extension:minPinLength: true, webauthn:extension:prf: true, webauthn:virtualAuthenticators: true}
Session ID: d9fd665bb664633744f089ba152d04b2">
      <![CDATA[org.openqa.selenium.WebDriverException: unknown error: failed to close window in 20 seconds
  (Session info: chrome=121.0.6167.184)
Build info: version: '3.141.59', revision: 'e82be7d358', time: '2018-11-14T08:17:03'
System info: host: 'Nitins-MacBook-Pro.local', ip: '2601:646:8084:4d20:c5c3:1481:ce7f:a1ad%en0', os.name: 'Mac OS X', os.arch: 'x86_64', os.version: '10.16', java.version: '15.0.1'
Driver info: org.openqa.selenium.chrome.ChromeDriver
Capabilities {acceptInsecureCerts: false, browserName: chrome, browserVersion: 121.0.6167.184, chrome: {chromedriverVersion: 121.0.6167.184 (057a8ae7deb..., userDataDir: /var/folders/gx/qjsbcn6d6d3...}, fedcm:accounts: true, goog:chromeOptions: {debuggerAddress: localhost:53291}, javascriptEnabled: true, networkConnectionEnabled: false, pageLoadStrategy: normal, platform: MAC, platformName: MAC, proxy: Proxy(), setWindowRect: true, strictFileInteractability: false, timeouts: {implicit: 0, pageLoad: 300000, script: 30000}, unhandledPromptBehavior: dismiss and notify, webauthn:extension:credBlob: true, webauthn:extension:largeBlob: true, webauthn:extension:minPinLength: true, webauthn:extension:prf: true, webauthn:virtualAuthenticators: true}
Session ID: d9fd665bb664633744f089ba152d04b2
at org.openqa.selenium.remote.http.W3CHttpResponseCodec.createException(W3CHttpResponseCodec.java:187)
at org.openqa.selenium.remote.http.W3CHttpResponseCodec.decode(W3CHttpResponseCodec.java:122)
at org.openqa.selenium.remote.http.W3CHttpResponseCodec.decode(W3CHttpResponseCodec.java:49)
at org.openqa.selenium.remote.HttpCommandExecutor.execute(HttpCommandExecutor.java:158)
at org.openqa.selenium.remote.service.DriverCommandExecutor.execute(DriverCommandExecutor.java:83)
at org.openqa.selenium.remote.RemoteWebDriver.execute(RemoteWebDriver.java:552)
at org.openqa.selenium.remote.RemoteWebDriver.execute(RemoteWebDriver.java:609)
at org.openqa.selenium.remote.RemoteWebDriver.close(RemoteWebDriver.java:442)
at com.salesforce.base.BaseClass.driverClose(BaseClass.java:241)
at com.salesforce.base.BaseSalesForceClass.tearDownAfterTestMethod(BaseSalesForceClass.java:54)
at java.base/java.util.ArrayList.forEach(ArrayList.java:1511)
... Removed 37 stack frames]]>
    </failure>
  </testcase> <!-- @AfterMethod tearDownAfterTestMethod -->
  <testcase classname="com.salesforce.base.BaseSalesForceClass" name="@BeforeMethod setUpBeforeMethod" time="0.0">
    <skipped/>
  </testcase> <!-- @BeforeMethod setUpBeforeMethod -->
  <testcase classname="com.salesforce.base.BaseSalesForceClass" name="@AfterMethod tearDownAfterTestMethod" time="0.0">
    <skipped/>
  </testcase> <!-- @AfterMethod tearDownAfterTestMethod -->
  <testcase classname="com.salesforce.base.BaseSalesForceClass" name="@BeforeMethod setUpBeforeMethod" time="0.0">
    <skipped/>
  </testcase> <!-- @BeforeMethod setUpBeforeMethod -->
  <testcase classname="com.salesforce.base.BaseSalesForceClass" name="@AfterMethod tearDownAfterTestMethod" time="0.0">
    <skipped/>
  </testcase> <!-- @AfterMethod tearDownAfterTestMethod -->
  <testcase classname="com.salesforce.base.BaseSalesForceClass" name="@BeforeMethod setUpBeforeMethod" time="0.0">
    <skipped/>
  </testcase> <!-- @BeforeMethod setUpBeforeMethod -->
  <testcase classname="com.salesforce.base.BaseSalesForceClass" name="@AfterMethod tearDownAfterTestMethod" time="0.0">
    <skipped/>
  </testcase> <!-- @AfterMethod tearDownAfterTestMethod -->
  <testcase classname="com.salesforce.automation.SalesforceUserMenu_Testcases" name="MyProfile" time="30.189">
    <failure type="java.lang.AssertionError" message="expected [false] but found [true]">
      <![CDATA[java.lang.AssertionError: expected [false] but found [true]
at com.salesforce.base.BaseClass.clickbuttonAndAssert(BaseClass.java:211)
at com.salesforce.automation.SalesforceUserMenu_Testcases.MyProfile(SalesforceUserMenu_Testcases.java:295)
at java.base/java.util.ArrayList.forEach(ArrayList.java:1511)
... Removed 34 stack frames]]>
    </failure>
  </testcase> <!-- MyProfile -->
  <testcase classname="com.salesforce.automation.SalesforceUserMenu_Testcases" name="developerConsole" time="13.812"/>
  <testcase classname="com.salesforce.automation.SalesforceUserMenu_Testcases" name="logoutOption" time="8.456"/>
  <testcase classname="com.salesforce.automation.SalesforceUserMenu_Testcases" name="mySettingOption" time="22.772"/>
  <testcase classname="com.salesforce.automation.SalesforceUserMenu_Testcases" name="verifySelectuserMenu" time="10.675"/>
  <testcase classname="com.salesforce.automation.SalesforceLeads_Testcases" name="Leadstablink" time="6.056"/>
  <testcase classname="com.salesforce.automation.SalesforceLeads_Testcases" name="defaultView" time="18.461"/>
  <testcase classname="com.salesforce.automation.SalesforceLeads_Testcases" name="leadsSelectView" time="0.0">
    <skipped/>
  </testcase> <!-- leadsSelectView -->
  <testcase classname="com.salesforce.automation.SalesforceLeads_Testcases" name="verifyListitemTodaysLeads" time="0.0">
    <skipped/>
  </testcase> <!-- verifyListitemTodaysLeads -->
  <testcase classname="com.salesforce.automation.SalesforceLeads_Testcases" name="verifyNewButtonOnLeads" time="0.0">
    <skipped/>
  </testcase> <!-- verifyNewButtonOnLeads -->
</testsuite> <!-- TestReport1 -->
