<?xml version="1.0" encoding="UTF-8"?>
<!-- Generated by org.testng.reporters.JUnitXMLReporter -->
<testsuite ignored="0" hostname="Nitins-MacBook-Pro.local" failures="5" tests="5" name="TestUserMenu" time="42.256" errors="0" timestamp="2024-02-19T17:09:07 PST">
  <testcase classname="com.salesforce.automation.SalesforceUserMenu_Testcases" name="MyProfile" time="3.869">
    <failure type="java.lang.AssertionError" message="expected [Home Page ~ Salesforce - Developer Edition] but found []">
      <![CDATA[java.lang.AssertionError: expected [Home Page ~ Salesforce - Developer Edition] but found []
at com.salesforce.base.BaseClass.assertTitle(BaseClass.java:256)
at com.salesforce.automation.SalesforceUserMenu_Testcases.MyProfile(SalesforceUserMenu_Testcases.java:71)
at java.base/java.util.ArrayList.forEach(ArrayList.java:1511)
... Removed 37 stack frames]]>
    </failure>
  </testcase> <!-- MyProfile -->
  <testcase classname="com.salesforce.automation.SalesforceUserMenu_Testcases" name="developerConsole" time="4.11">
    <failure type="java.lang.AssertionError" message="expected [Home Page ~ Salesforce - Developer Edition] but found []">
      <![CDATA[java.lang.AssertionError: expected [Home Page ~ Salesforce - Developer Edition] but found []
at com.salesforce.base.BaseClass.assertTitle(BaseClass.java:256)
at com.salesforce.automation.SalesforceUserMenu_Testcases.developerConsole(SalesforceUserMenu_Testcases.java:584)
at java.base/java.util.ArrayList.forEach(ArrayList.java:1511)
... Removed 37 stack frames]]>
    </failure>
  </testcase> <!-- developerConsole -->
  <testcase classname="com.salesforce.automation.SalesforceUserMenu_Testcases" name="logoutOption" time="3.592">
    <failure type="java.lang.AssertionError" message="expected [Home Page ~ Salesforce - Developer Edition] but found []">
      <![CDATA[java.lang.AssertionError: expected [Home Page ~ Salesforce - Developer Edition] but found []
at com.salesforce.base.BaseClass.assertTitle(BaseClass.java:256)
at com.salesforce.automation.SalesforceUserMenu_Testcases.logoutOption(SalesforceUserMenu_Testcases.java:640)
at java.base/java.util.ArrayList.forEach(ArrayList.java:1511)
... Removed 37 stack frames]]>
    </failure>
  </testcase> <!-- logoutOption -->
  <testcase classname="com.salesforce.automation.SalesforceUserMenu_Testcases" name="mySettingOption" time="1.79">
    <failure type="java.lang.AssertionError" message="expected [Home Page ~ Salesforce - Developer Edition] but found [Login | Salesforce]">
      <![CDATA[java.lang.AssertionError: expected [Home Page ~ Salesforce - Developer Edition] but found [Login | Salesforce]
at com.salesforce.base.BaseClass.assertTitle(BaseClass.java:256)
at com.salesforce.automation.SalesforceUserMenu_Testcases.mySettingOption(SalesforceUserMenu_Testcases.java:341)
at java.base/java.util.ArrayList.forEach(ArrayList.java:1511)
... Removed 37 stack frames]]>
    </failure>
  </testcase> <!-- mySettingOption -->
  <testcase classname="com.salesforce.automation.SalesforceUserMenu_Testcases" name="verifySelectuserMenu" time="4.429">
    <failure type="java.lang.AssertionError" message="expected [Home ~ Salesforce - Developer Edition] but found []">
      <![CDATA[java.lang.AssertionError: expected [Home ~ Salesforce - Developer Edition] but found []
at com.salesforce.base.BaseClass.assertTitle(BaseClass.java:256)
at com.salesforce.automation.SalesforceUserMenu_Testcases.verifySelectuserMenu(SalesforceUserMenu_Testcases.java:42)
at java.base/java.util.ArrayList.forEach(ArrayList.java:1511)
... Removed 37 stack frames]]>
    </failure>
  </testcase> <!-- verifySelectuserMenu -->
</testsuite> <!-- TestUserMenu -->
