<?xml version="1.0" encoding="UTF-8"?>
<testng-results ignored="0" total="37" passed="26" failed="9" skipped="2">
  <reporter-output>
  </reporter-output>
  <suite started-at="2024-02-20T23:35:01 PST" name="RegressionSuite" finished-at="2024-02-20T23:43:52 PST" duration-ms="531011">
    <groups>
    </groups>
    <test started-at="2024-02-20T23:35:01 PST" name="Test_Logins&gt;" finished-at="2024-02-20T23:35:54 PST" duration-ms="53052">
      <class name="com.salesforce.automation.SalesforceLoginPage_Testcases">
        <test-method is-config="true" signature="setUpBeforeMethod(java.lang.String)[pri:0, instance:com.salesforce.automation.SalesforceLoginPage_Testcases@235f4c10]" started-at="2024-02-20T23:35:01 PST" name="setUpBeforeMethod" finished-at="2024-02-20T23:35:04 PST" duration-ms="2788" status="PASS">
          <params>
            <param index="0">
              <value>
                <![CDATA[chrome]]>
              </value>
            </param>
          </params>
          <reporter-output>
          </reporter-output>
        </test-method> <!-- setUpBeforeMethod -->
        <test-method signature="loginPage_EmptyPassword()[pri:0, instance:com.salesforce.automation.SalesforceLoginPage_Testcases@235f4c10]" started-at="2024-02-20T23:35:04 PST" name="loginPage_EmptyPassword" finished-at="2024-02-20T23:35:05 PST" duration-ms="939" status="PASS">
          <reporter-output>
          </reporter-output>
        </test-method> <!-- loginPage_EmptyPassword -->
        <test-method is-config="true" signature="tearDownAfterTestMethod()[pri:0, instance:com.salesforce.automation.SalesforceLoginPage_Testcases@235f4c10]" started-at="2024-02-20T23:35:05 PST" name="tearDownAfterTestMethod" finished-at="2024-02-20T23:35:05 PST" duration-ms="146" status="PASS">
          <reporter-output>
          </reporter-output>
        </test-method> <!-- tearDownAfterTestMethod -->
        <test-method is-config="true" signature="setUpBeforeMethod(java.lang.String)[pri:0, instance:com.salesforce.automation.SalesforceLoginPage_Testcases@235f4c10]" started-at="2024-02-20T23:35:05 PST" name="setUpBeforeMethod" finished-at="2024-02-20T23:35:07 PST" duration-ms="1608" status="PASS">
          <params>
            <param index="0">
              <value>
                <![CDATA[chrome]]>
              </value>
            </param>
          </params>
          <reporter-output>
          </reporter-output>
        </test-method> <!-- setUpBeforeMethod -->
        <test-method signature="testForgotPasssword()[pri:1, instance:com.salesforce.automation.SalesforceLoginPage_Testcases@235f4c10]" started-at="2024-02-20T23:35:07 PST" name="testForgotPasssword" finished-at="2024-02-20T23:35:11 PST" duration-ms="3872" status="PASS">
          <reporter-output>
          </reporter-output>
        </test-method> <!-- testForgotPasssword -->
        <test-method is-config="true" signature="tearDownAfterTestMethod()[pri:0, instance:com.salesforce.automation.SalesforceLoginPage_Testcases@235f4c10]" started-at="2024-02-20T23:35:11 PST" name="tearDownAfterTestMethod" finished-at="2024-02-20T23:35:11 PST" duration-ms="137" status="PASS">
          <reporter-output>
          </reporter-output>
        </test-method> <!-- tearDownAfterTestMethod -->
        <test-method is-config="true" signature="setUpBeforeMethod(java.lang.String)[pri:0, instance:com.salesforce.automation.SalesforceLoginPage_Testcases@235f4c10]" started-at="2024-02-20T23:35:11 PST" name="setUpBeforeMethod" finished-at="2024-02-20T23:35:12 PST" duration-ms="1808" status="PASS">
          <params>
            <param index="0">
              <value>
                <![CDATA[chrome]]>
              </value>
            </param>
          </params>
          <reporter-output>
          </reporter-output>
        </test-method> <!-- setUpBeforeMethod -->
        <test-method signature="loginErrorMessage()[pri:2, instance:com.salesforce.automation.SalesforceLoginPage_Testcases@235f4c10]" started-at="2024-02-20T23:35:12 PST" name="loginErrorMessage" finished-at="2024-02-20T23:35:35 PST" duration-ms="22541" status="PASS">
          <reporter-output>
          </reporter-output>
        </test-method> <!-- loginErrorMessage -->
        <test-method is-config="true" signature="tearDownAfterTestMethod()[pri:0, instance:com.salesforce.automation.SalesforceLoginPage_Testcases@235f4c10]" started-at="2024-02-20T23:35:35 PST" name="tearDownAfterTestMethod" finished-at="2024-02-20T23:35:35 PST" duration-ms="117" status="PASS">
          <reporter-output>
          </reporter-output>
        </test-method> <!-- tearDownAfterTestMethod -->
        <test-method is-config="true" signature="setUpBeforeMethod(java.lang.String)[pri:0, instance:com.salesforce.automation.SalesforceLoginPage_Testcases@235f4c10]" started-at="2024-02-20T23:35:35 PST" name="setUpBeforeMethod" finished-at="2024-02-20T23:35:37 PST" duration-ms="1778" status="PASS">
          <params>
            <param index="0">
              <value>
                <![CDATA[chrome]]>
              </value>
            </param>
          </params>
          <reporter-output>
          </reporter-output>
        </test-method> <!-- setUpBeforeMethod -->
        <test-method signature="login_Homepage()[pri:3, instance:com.salesforce.automation.SalesforceLoginPage_Testcases@235f4c10]" started-at="2024-02-20T23:35:37 PST" name="login_Homepage" finished-at="2024-02-20T23:35:42 PST" duration-ms="5347" status="PASS">
          <reporter-output>
          </reporter-output>
        </test-method> <!-- login_Homepage -->
        <test-method is-config="true" signature="tearDownAfterTestMethod()[pri:0, instance:com.salesforce.automation.SalesforceLoginPage_Testcases@235f4c10]" started-at="2024-02-20T23:35:42 PST" name="tearDownAfterTestMethod" finished-at="2024-02-20T23:35:42 PST" duration-ms="157" status="PASS">
          <reporter-output>
          </reporter-output>
        </test-method> <!-- tearDownAfterTestMethod -->
        <test-method is-config="true" signature="setUpBeforeMethod(java.lang.String)[pri:0, instance:com.salesforce.automation.SalesforceLoginPage_Testcases@235f4c10]" started-at="2024-02-20T23:35:42 PST" name="setUpBeforeMethod" finished-at="2024-02-20T23:35:44 PST" duration-ms="1633" status="PASS">
          <params>
            <param index="0">
              <value>
                <![CDATA[chrome]]>
              </value>
            </param>
          </params>
          <reporter-output>
          </reporter-output>
        </test-method> <!-- setUpBeforeMethod -->
        <test-method signature="rememberUser_checkbox()[pri:4, instance:com.salesforce.automation.SalesforceLoginPage_Testcases@235f4c10]" started-at="2024-02-20T23:35:44 PST" name="rememberUser_checkbox" finished-at="2024-02-20T23:35:54 PST" duration-ms="9995" status="PASS">
          <reporter-output>
          </reporter-output>
        </test-method> <!-- rememberUser_checkbox -->
        <test-method is-config="true" signature="tearDownAfterTestMethod()[pri:0, instance:com.salesforce.automation.SalesforceLoginPage_Testcases@235f4c10]" started-at="2024-02-20T23:35:54 PST" name="tearDownAfterTestMethod" finished-at="2024-02-20T23:35:54 PST" duration-ms="138" status="PASS">
          <reporter-output>
          </reporter-output>
        </test-method> <!-- tearDownAfterTestMethod -->
      </class> <!-- com.salesforce.automation.SalesforceLoginPage_Testcases -->
    </test> <!-- Test_Logins> -->
    <test started-at="2024-02-20T23:35:54 PST" name="Test_Accounts" finished-at="2024-02-20T23:37:11 PST" duration-ms="76883">
      <class name="com.salesforce.automation.SalesforceAccounts_Testcases">
        <test-method is-config="true" signature="setUpBeforeMethod(java.lang.String)[pri:0, instance:com.salesforce.automation.SalesforceAccounts_Testcases@27a5328c]" started-at="2024-02-20T23:35:54 PST" name="setUpBeforeMethod" finished-at="2024-02-20T23:35:56 PST" duration-ms="1627" status="PASS">
          <params>
            <param index="0">
              <value>
                <![CDATA[chrome]]>
              </value>
            </param>
          </params>
          <reporter-output>
          </reporter-output>
        </test-method> <!-- setUpBeforeMethod -->
        <test-method signature="Createnewview()[pri:0, instance:com.salesforce.automation.SalesforceAccounts_Testcases@27a5328c]" started-at="2024-02-20T23:35:56 PST" name="Createnewview" finished-at="2024-02-20T23:36:05 PST" duration-ms="9057" status="PASS">
          <reporter-output>
          </reporter-output>
        </test-method> <!-- Createnewview -->
        <test-method is-config="true" signature="tearDownAfterTestMethod()[pri:0, instance:com.salesforce.automation.SalesforceAccounts_Testcases@27a5328c]" started-at="2024-02-20T23:36:05 PST" name="tearDownAfterTestMethod" finished-at="2024-02-20T23:36:05 PST" duration-ms="136" status="PASS">
          <reporter-output>
          </reporter-output>
        </test-method> <!-- tearDownAfterTestMethod -->
        <test-method is-config="true" signature="setUpBeforeMethod(java.lang.String)[pri:0, instance:com.salesforce.automation.SalesforceAccounts_Testcases@27a5328c]" started-at="2024-02-20T23:36:05 PST" name="setUpBeforeMethod" finished-at="2024-02-20T23:36:07 PST" duration-ms="1777" status="PASS">
          <params>
            <param index="0">
              <value>
                <![CDATA[chrome]]>
              </value>
            </param>
          </params>
          <reporter-output>
          </reporter-output>
        </test-method> <!-- setUpBeforeMethod -->
        <test-method signature="createAccount()[pri:0, instance:com.salesforce.automation.SalesforceAccounts_Testcases@27a5328c]" started-at="2024-02-20T23:36:07 PST" name="createAccount" finished-at="2024-02-20T23:36:18 PST" duration-ms="10823" status="FAIL">
          <exception class="org.openqa.selenium.NoSuchElementException">
            <message>
              <![CDATA[no such element: Unable to locate element: {"method":"css selector","selector":".topName"}
  (Session info: chrome=121.0.6167.184)
For documentation on this error, please visit: https://www.seleniumhq.org/exceptions/no_such_element.html
Build info: version: '3.141.59', revision: 'e82be7d358', time: '2018-11-14T08:17:03'
System info: host: 'Nitins-MacBook-Pro.local', ip: '2601:646:8084:4d20:c5c3:1481:ce7f:a1ad%en0', os.name: 'Mac OS X', os.arch: 'x86_64', os.version: '10.16', java.version: '15.0.1'
Driver info: org.openqa.selenium.chrome.ChromeDriver
Capabilities {acceptInsecureCerts: false, browserName: chrome, browserVersion: 121.0.6167.184, chrome: {chromedriverVersion: 121.0.6167.184 (057a8ae7deb..., userDataDir: /var/folders/gx/qjsbcn6d6d3...}, fedcm:accounts: true, goog:chromeOptions: {debuggerAddress: localhost:63999}, javascriptEnabled: true, networkConnectionEnabled: false, pageLoadStrategy: normal, platform: MAC, platformName: MAC, proxy: Proxy(), setWindowRect: true, strictFileInteractability: false, timeouts: {implicit: 0, pageLoad: 300000, script: 30000}, unhandledPromptBehavior: dismiss and notify, webauthn:extension:credBlob: true, webauthn:extension:largeBlob: true, webauthn:extension:minPinLength: true, webauthn:extension:prf: true, webauthn:virtualAuthenticators: true}
Session ID: 9671fa08ac232926676bad48d47da2a6
*** Element info: {Using=class name, value=topName}]]>
            </message>
            <full-stacktrace>
              <![CDATA[org.openqa.selenium.NoSuchElementException: no such element: Unable to locate element: {"method":"css selector","selector":".topName"}
  (Session info: chrome=121.0.6167.184)
For documentation on this error, please visit: https://www.seleniumhq.org/exceptions/no_such_element.html
Build info: version: '3.141.59', revision: 'e82be7d358', time: '2018-11-14T08:17:03'
System info: host: 'Nitins-MacBook-Pro.local', ip: '2601:646:8084:4d20:c5c3:1481:ce7f:a1ad%en0', os.name: 'Mac OS X', os.arch: 'x86_64', os.version: '10.16', java.version: '15.0.1'
Driver info: org.openqa.selenium.chrome.ChromeDriver
Capabilities {acceptInsecureCerts: false, browserName: chrome, browserVersion: 121.0.6167.184, chrome: {chromedriverVersion: 121.0.6167.184 (057a8ae7deb..., userDataDir: /var/folders/gx/qjsbcn6d6d3...}, fedcm:accounts: true, goog:chromeOptions: {debuggerAddress: localhost:63999}, javascriptEnabled: true, networkConnectionEnabled: false, pageLoadStrategy: normal, platform: MAC, platformName: MAC, proxy: Proxy(), setWindowRect: true, strictFileInteractability: false, timeouts: {implicit: 0, pageLoad: 300000, script: 30000}, unhandledPromptBehavior: dismiss and notify, webauthn:extension:credBlob: true, webauthn:extension:largeBlob: true, webauthn:extension:minPinLength: true, webauthn:extension:prf: true, webauthn:virtualAuthenticators: true}
Session ID: 9671fa08ac232926676bad48d47da2a6
*** Element info: {Using=class name, value=topName}
at java.base/jdk.internal.reflect.NativeConstructorAccessorImpl.newInstance0(Native Method)
at java.base/jdk.internal.reflect.NativeConstructorAccessorImpl.newInstance(NativeConstructorAccessorImpl.java:64)
at java.base/jdk.internal.reflect.DelegatingConstructorAccessorImpl.newInstance(DelegatingConstructorAccessorImpl.java:45)
at java.base/java.lang.reflect.Constructor.newInstanceWithCaller(Constructor.java:500)
at java.base/java.lang.reflect.Constructor.newInstance(Constructor.java:481)
at org.openqa.selenium.remote.http.W3CHttpResponseCodec.createException(W3CHttpResponseCodec.java:187)
at org.openqa.selenium.remote.http.W3CHttpResponseCodec.decode(W3CHttpResponseCodec.java:122)
at org.openqa.selenium.remote.http.W3CHttpResponseCodec.decode(W3CHttpResponseCodec.java:49)
at org.openqa.selenium.remote.HttpCommandExecutor.execute(HttpCommandExecutor.java:158)
at org.openqa.selenium.remote.service.DriverCommandExecutor.execute(DriverCommandExecutor.java:83)
at org.openqa.selenium.remote.RemoteWebDriver.execute(RemoteWebDriver.java:552)
at org.openqa.selenium.remote.RemoteWebDriver.findElement(RemoteWebDriver.java:323)
at org.openqa.selenium.remote.RemoteWebDriver.findElementByClassName(RemoteWebDriver.java:412)
at org.openqa.selenium.By$ByClassName.findElement(By.java:389)
at org.openqa.selenium.remote.RemoteWebDriver.findElement(RemoteWebDriver.java:315)
at com.salesforce.automation.SalesforceAccounts_Testcases.createAccount(SalesforceAccounts_Testcases.java:62)
at java.base/jdk.internal.reflect.NativeMethodAccessorImpl.invoke0(Native Method)
at java.base/jdk.internal.reflect.NativeMethodAccessorImpl.invoke(NativeMethodAccessorImpl.java:64)
at java.base/jdk.internal.reflect.DelegatingMethodAccessorImpl.invoke(DelegatingMethodAccessorImpl.java:43)
at java.base/java.lang.reflect.Method.invoke(Method.java:564)
at org.testng.internal.invokers.MethodInvocationHelper.invokeMethod(MethodInvocationHelper.java:139)
at org.testng.internal.invokers.TestInvoker.invokeMethod(TestInvoker.java:677)
at org.testng.internal.invokers.TestInvoker.invokeTestMethod(TestInvoker.java:221)
at org.testng.internal.invokers.MethodRunner.runInSequence(MethodRunner.java:50)
at org.testng.internal.invokers.TestInvoker$MethodInvocationAgent.invoke(TestInvoker.java:969)
at org.testng.internal.invokers.TestInvoker.invokeTestMethods(TestInvoker.java:194)
at org.testng.internal.invokers.TestMethodWorker.invokeTestMethods(TestMethodWorker.java:148)
at org.testng.internal.invokers.TestMethodWorker.run(TestMethodWorker.java:128)
at java.base/java.util.ArrayList.forEach(ArrayList.java:1511)
at org.testng.TestRunner.privateRun(TestRunner.java:829)
at org.testng.TestRunner.run(TestRunner.java:602)
at org.testng.SuiteRunner.runTest(SuiteRunner.java:437)
at org.testng.SuiteRunner.runSequentially(SuiteRunner.java:431)
at org.testng.SuiteRunner.privateRun(SuiteRunner.java:391)
at org.testng.SuiteRunner.run(SuiteRunner.java:330)
at org.testng.SuiteRunnerWorker.runSuite(SuiteRunnerWorker.java:52)
at org.testng.SuiteRunnerWorker.run(SuiteRunnerWorker.java:95)
at org.testng.TestNG.runSuitesSequentially(TestNG.java:1256)
at org.testng.TestNG.runSuitesLocally(TestNG.java:1176)
at org.testng.TestNG.runSuites(TestNG.java:1099)
at org.testng.TestNG.run(TestNG.java:1067)
at org.testng.remote.AbstractRemoteTestNG.run(AbstractRemoteTestNG.java:115)
at org.testng.remote.RemoteTestNG.initAndRun(RemoteTestNG.java:251)
at org.testng.remote.RemoteTestNG.main(RemoteTestNG.java:77)
]]>
            </full-stacktrace>
          </exception> <!-- org.openqa.selenium.NoSuchElementException -->
          <reporter-output>
          </reporter-output>
        </test-method> <!-- createAccount -->
        <test-method is-config="true" signature="tearDownAfterTestMethod()[pri:0, instance:com.salesforce.automation.SalesforceAccounts_Testcases@27a5328c]" started-at="2024-02-20T23:36:18 PST" name="tearDownAfterTestMethod" finished-at="2024-02-20T23:36:18 PST" duration-ms="113" status="PASS">
          <reporter-output>
          </reporter-output>
        </test-method> <!-- tearDownAfterTestMethod -->
        <test-method is-config="true" signature="setUpBeforeMethod(java.lang.String)[pri:0, instance:com.salesforce.automation.SalesforceAccounts_Testcases@27a5328c]" started-at="2024-02-20T23:36:18 PST" name="setUpBeforeMethod" finished-at="2024-02-20T23:36:20 PST" duration-ms="1646" status="PASS">
          <params>
            <param index="0">
              <value>
                <![CDATA[chrome]]>
              </value>
            </param>
          </params>
          <reporter-output>
          </reporter-output>
        </test-method> <!-- setUpBeforeMethod -->
        <test-method signature="createAccountReport()[pri:0, instance:com.salesforce.automation.SalesforceAccounts_Testcases@27a5328c]" started-at="2024-02-20T23:36:20 PST" name="createAccountReport" finished-at="2024-02-20T23:36:46 PST" duration-ms="25779" status="PASS">
          <reporter-output>
          </reporter-output>
        </test-method> <!-- createAccountReport -->
        <test-method is-config="true" signature="tearDownAfterTestMethod()[pri:0, instance:com.salesforce.automation.SalesforceAccounts_Testcases@27a5328c]" started-at="2024-02-20T23:36:46 PST" name="tearDownAfterTestMethod" finished-at="2024-02-20T23:36:46 PST" duration-ms="156" status="PASS">
          <reporter-output>
          </reporter-output>
        </test-method> <!-- tearDownAfterTestMethod -->
        <test-method is-config="true" signature="setUpBeforeMethod(java.lang.String)[pri:0, instance:com.salesforce.automation.SalesforceAccounts_Testcases@27a5328c]" started-at="2024-02-20T23:36:46 PST" name="setUpBeforeMethod" finished-at="2024-02-20T23:36:47 PST" duration-ms="1641" status="PASS">
          <params>
            <param index="0">
              <value>
                <![CDATA[chrome]]>
              </value>
            </param>
          </params>
          <reporter-output>
          </reporter-output>
        </test-method> <!-- setUpBeforeMethod -->
        <test-method signature="editView()[pri:0, instance:com.salesforce.automation.SalesforceAccounts_Testcases@27a5328c]" started-at="2024-02-20T23:36:47 PST" name="editView" finished-at="2024-02-20T23:36:59 PST" duration-ms="11945" status="FAIL">
          <exception class="org.openqa.selenium.NoSuchElementException">
            <message>
              <![CDATA[no such element: Unable to locate element: {"method":"xpath","selector":"//div[@class='filterLinks']/a[1]"}
  (Session info: chrome=121.0.6167.184)
For documentation on this error, please visit: https://www.seleniumhq.org/exceptions/no_such_element.html
Build info: version: '3.141.59', revision: 'e82be7d358', time: '2018-11-14T08:17:03'
System info: host: 'Nitins-MacBook-Pro.local', ip: '2601:646:8084:4d20:c5c3:1481:ce7f:a1ad%en0', os.name: 'Mac OS X', os.arch: 'x86_64', os.version: '10.16', java.version: '15.0.1'
Driver info: org.openqa.selenium.chrome.ChromeDriver
Capabilities {acceptInsecureCerts: false, browserName: chrome, browserVersion: 121.0.6167.184, chrome: {chromedriverVersion: 121.0.6167.184 (057a8ae7deb..., userDataDir: /var/folders/gx/qjsbcn6d6d3...}, fedcm:accounts: true, goog:chromeOptions: {debuggerAddress: localhost:64267}, javascriptEnabled: true, networkConnectionEnabled: false, pageLoadStrategy: normal, platform: MAC, platformName: MAC, proxy: Proxy(), setWindowRect: true, strictFileInteractability: false, timeouts: {implicit: 0, pageLoad: 300000, script: 30000}, unhandledPromptBehavior: dismiss and notify, webauthn:extension:credBlob: true, webauthn:extension:largeBlob: true, webauthn:extension:minPinLength: true, webauthn:extension:prf: true, webauthn:virtualAuthenticators: true}
Session ID: 23a8900c2450700dd9868e0043b80c8b
*** Element info: {Using=xpath, value=//div[@class='filterLinks']/a[1]}]]>
            </message>
            <full-stacktrace>
              <![CDATA[org.openqa.selenium.NoSuchElementException: no such element: Unable to locate element: {"method":"xpath","selector":"//div[@class='filterLinks']/a[1]"}
  (Session info: chrome=121.0.6167.184)
For documentation on this error, please visit: https://www.seleniumhq.org/exceptions/no_such_element.html
Build info: version: '3.141.59', revision: 'e82be7d358', time: '2018-11-14T08:17:03'
System info: host: 'Nitins-MacBook-Pro.local', ip: '2601:646:8084:4d20:c5c3:1481:ce7f:a1ad%en0', os.name: 'Mac OS X', os.arch: 'x86_64', os.version: '10.16', java.version: '15.0.1'
Driver info: org.openqa.selenium.chrome.ChromeDriver
Capabilities {acceptInsecureCerts: false, browserName: chrome, browserVersion: 121.0.6167.184, chrome: {chromedriverVersion: 121.0.6167.184 (057a8ae7deb..., userDataDir: /var/folders/gx/qjsbcn6d6d3...}, fedcm:accounts: true, goog:chromeOptions: {debuggerAddress: localhost:64267}, javascriptEnabled: true, networkConnectionEnabled: false, pageLoadStrategy: normal, platform: MAC, platformName: MAC, proxy: Proxy(), setWindowRect: true, strictFileInteractability: false, timeouts: {implicit: 0, pageLoad: 300000, script: 30000}, unhandledPromptBehavior: dismiss and notify, webauthn:extension:credBlob: true, webauthn:extension:largeBlob: true, webauthn:extension:minPinLength: true, webauthn:extension:prf: true, webauthn:virtualAuthenticators: true}
Session ID: 23a8900c2450700dd9868e0043b80c8b
*** Element info: {Using=xpath, value=//div[@class='filterLinks']/a[1]}
at java.base/jdk.internal.reflect.NativeConstructorAccessorImpl.newInstance0(Native Method)
at java.base/jdk.internal.reflect.NativeConstructorAccessorImpl.newInstance(NativeConstructorAccessorImpl.java:64)
at java.base/jdk.internal.reflect.DelegatingConstructorAccessorImpl.newInstance(DelegatingConstructorAccessorImpl.java:45)
at java.base/java.lang.reflect.Constructor.newInstanceWithCaller(Constructor.java:500)
at java.base/java.lang.reflect.Constructor.newInstance(Constructor.java:481)
at org.openqa.selenium.remote.http.W3CHttpResponseCodec.createException(W3CHttpResponseCodec.java:187)
at org.openqa.selenium.remote.http.W3CHttpResponseCodec.decode(W3CHttpResponseCodec.java:122)
at org.openqa.selenium.remote.http.W3CHttpResponseCodec.decode(W3CHttpResponseCodec.java:49)
at org.openqa.selenium.remote.HttpCommandExecutor.execute(HttpCommandExecutor.java:158)
at org.openqa.selenium.remote.service.DriverCommandExecutor.execute(DriverCommandExecutor.java:83)
at org.openqa.selenium.remote.RemoteWebDriver.execute(RemoteWebDriver.java:552)
at org.openqa.selenium.remote.RemoteWebDriver.findElement(RemoteWebDriver.java:323)
at org.openqa.selenium.remote.RemoteWebDriver.findElementByXPath(RemoteWebDriver.java:428)
at org.openqa.selenium.By$ByXPath.findElement(By.java:353)
at org.openqa.selenium.remote.RemoteWebDriver.findElement(RemoteWebDriver.java:315)
at com.salesforce.automation.SalesforceAccounts_Testcases.editView(SalesforceAccounts_Testcases.java:119)
at java.base/jdk.internal.reflect.NativeMethodAccessorImpl.invoke0(Native Method)
at java.base/jdk.internal.reflect.NativeMethodAccessorImpl.invoke(NativeMethodAccessorImpl.java:64)
at java.base/jdk.internal.reflect.DelegatingMethodAccessorImpl.invoke(DelegatingMethodAccessorImpl.java:43)
at java.base/java.lang.reflect.Method.invoke(Method.java:564)
at org.testng.internal.invokers.MethodInvocationHelper.invokeMethod(MethodInvocationHelper.java:139)
at org.testng.internal.invokers.TestInvoker.invokeMethod(TestInvoker.java:677)
at org.testng.internal.invokers.TestInvoker.invokeTestMethod(TestInvoker.java:221)
at org.testng.internal.invokers.MethodRunner.runInSequence(MethodRunner.java:50)
at org.testng.internal.invokers.TestInvoker$MethodInvocationAgent.invoke(TestInvoker.java:969)
at org.testng.internal.invokers.TestInvoker.invokeTestMethods(TestInvoker.java:194)
at org.testng.internal.invokers.TestMethodWorker.invokeTestMethods(TestMethodWorker.java:148)
at org.testng.internal.invokers.TestMethodWorker.run(TestMethodWorker.java:128)
at java.base/java.util.ArrayList.forEach(ArrayList.java:1511)
at org.testng.TestRunner.privateRun(TestRunner.java:829)
at org.testng.TestRunner.run(TestRunner.java:602)
at org.testng.SuiteRunner.runTest(SuiteRunner.java:437)
at org.testng.SuiteRunner.runSequentially(SuiteRunner.java:431)
at org.testng.SuiteRunner.privateRun(SuiteRunner.java:391)
at org.testng.SuiteRunner.run(SuiteRunner.java:330)
at org.testng.SuiteRunnerWorker.runSuite(SuiteRunnerWorker.java:52)
at org.testng.SuiteRunnerWorker.run(SuiteRunnerWorker.java:95)
at org.testng.TestNG.runSuitesSequentially(TestNG.java:1256)
at org.testng.TestNG.runSuitesLocally(TestNG.java:1176)
at org.testng.TestNG.runSuites(TestNG.java:1099)
at org.testng.TestNG.run(TestNG.java:1067)
at org.testng.remote.AbstractRemoteTestNG.run(AbstractRemoteTestNG.java:115)
at org.testng.remote.RemoteTestNG.initAndRun(RemoteTestNG.java:251)
at org.testng.remote.RemoteTestNG.main(RemoteTestNG.java:77)
]]>
            </full-stacktrace>
          </exception> <!-- org.openqa.selenium.NoSuchElementException -->
          <reporter-output>
          </reporter-output>
        </test-method> <!-- editView -->
        <test-method is-config="true" signature="tearDownAfterTestMethod()[pri:0, instance:com.salesforce.automation.SalesforceAccounts_Testcases@27a5328c]" started-at="2024-02-20T23:37:00 PST" name="tearDownAfterTestMethod" finished-at="2024-02-20T23:37:00 PST" duration-ms="150" status="PASS">
          <reporter-output>
          </reporter-output>
        </test-method> <!-- tearDownAfterTestMethod -->
        <test-method is-config="true" signature="setUpBeforeMethod(java.lang.String)[pri:0, instance:com.salesforce.automation.SalesforceAccounts_Testcases@27a5328c]" started-at="2024-02-20T23:37:00 PST" name="setUpBeforeMethod" finished-at="2024-02-20T23:37:01 PST" duration-ms="1591" status="PASS">
          <params>
            <param index="0">
              <value>
                <![CDATA[chrome]]>
              </value>
            </param>
          </params>
          <reporter-output>
          </reporter-output>
        </test-method> <!-- setUpBeforeMethod -->
        <test-method signature="mergeAccount()[pri:0, instance:com.salesforce.automation.SalesforceAccounts_Testcases@27a5328c]" started-at="2024-02-20T23:37:01 PST" name="mergeAccount" finished-at="2024-02-20T23:37:11 PST" duration-ms="9207" status="FAIL">
          <exception class="org.openqa.selenium.NoSuchElementException">
            <message>
              <![CDATA[no such element: Unable to locate element: {"method":"xpath","selector":"(//input[normalize-space(@value)='Merge'])[1]"}
  (Session info: chrome=121.0.6167.184)
For documentation on this error, please visit: https://www.seleniumhq.org/exceptions/no_such_element.html
Build info: version: '3.141.59', revision: 'e82be7d358', time: '2018-11-14T08:17:03'
System info: host: 'Nitins-MacBook-Pro.local', ip: '2601:646:8084:4d20:c5c3:1481:ce7f:a1ad%en0', os.name: 'Mac OS X', os.arch: 'x86_64', os.version: '10.16', java.version: '15.0.1'
Driver info: org.openqa.selenium.chrome.ChromeDriver
Capabilities {acceptInsecureCerts: false, browserName: chrome, browserVersion: 121.0.6167.184, chrome: {chromedriverVersion: 121.0.6167.184 (057a8ae7deb..., userDataDir: /var/folders/gx/qjsbcn6d6d3...}, fedcm:accounts: true, goog:chromeOptions: {debuggerAddress: localhost:64368}, javascriptEnabled: true, networkConnectionEnabled: false, pageLoadStrategy: normal, platform: MAC, platformName: MAC, proxy: Proxy(), setWindowRect: true, strictFileInteractability: false, timeouts: {implicit: 0, pageLoad: 300000, script: 30000}, unhandledPromptBehavior: dismiss and notify, webauthn:extension:credBlob: true, webauthn:extension:largeBlob: true, webauthn:extension:minPinLength: true, webauthn:extension:prf: true, webauthn:virtualAuthenticators: true}
Session ID: 8d4c3d84ef1c7108fa0778719d2bc663
*** Element info: {Using=xpath, value=(//input[normalize-space(@value)='Merge'])[1]}]]>
            </message>
            <full-stacktrace>
              <![CDATA[org.openqa.selenium.NoSuchElementException: no such element: Unable to locate element: {"method":"xpath","selector":"(//input[normalize-space(@value)='Merge'])[1]"}
  (Session info: chrome=121.0.6167.184)
For documentation on this error, please visit: https://www.seleniumhq.org/exceptions/no_such_element.html
Build info: version: '3.141.59', revision: 'e82be7d358', time: '2018-11-14T08:17:03'
System info: host: 'Nitins-MacBook-Pro.local', ip: '2601:646:8084:4d20:c5c3:1481:ce7f:a1ad%en0', os.name: 'Mac OS X', os.arch: 'x86_64', os.version: '10.16', java.version: '15.0.1'
Driver info: org.openqa.selenium.chrome.ChromeDriver
Capabilities {acceptInsecureCerts: false, browserName: chrome, browserVersion: 121.0.6167.184, chrome: {chromedriverVersion: 121.0.6167.184 (057a8ae7deb..., userDataDir: /var/folders/gx/qjsbcn6d6d3...}, fedcm:accounts: true, goog:chromeOptions: {debuggerAddress: localhost:64368}, javascriptEnabled: true, networkConnectionEnabled: false, pageLoadStrategy: normal, platform: MAC, platformName: MAC, proxy: Proxy(), setWindowRect: true, strictFileInteractability: false, timeouts: {implicit: 0, pageLoad: 300000, script: 30000}, unhandledPromptBehavior: dismiss and notify, webauthn:extension:credBlob: true, webauthn:extension:largeBlob: true, webauthn:extension:minPinLength: true, webauthn:extension:prf: true, webauthn:virtualAuthenticators: true}
Session ID: 8d4c3d84ef1c7108fa0778719d2bc663
*** Element info: {Using=xpath, value=(//input[normalize-space(@value)='Merge'])[1]}
at java.base/jdk.internal.reflect.NativeConstructorAccessorImpl.newInstance0(Native Method)
at java.base/jdk.internal.reflect.NativeConstructorAccessorImpl.newInstance(NativeConstructorAccessorImpl.java:64)
at java.base/jdk.internal.reflect.DelegatingConstructorAccessorImpl.newInstance(DelegatingConstructorAccessorImpl.java:45)
at java.base/java.lang.reflect.Constructor.newInstanceWithCaller(Constructor.java:500)
at java.base/java.lang.reflect.Constructor.newInstance(Constructor.java:481)
at org.openqa.selenium.remote.http.W3CHttpResponseCodec.createException(W3CHttpResponseCodec.java:187)
at org.openqa.selenium.remote.http.W3CHttpResponseCodec.decode(W3CHttpResponseCodec.java:122)
at org.openqa.selenium.remote.http.W3CHttpResponseCodec.decode(W3CHttpResponseCodec.java:49)
at org.openqa.selenium.remote.HttpCommandExecutor.execute(HttpCommandExecutor.java:158)
at org.openqa.selenium.remote.service.DriverCommandExecutor.execute(DriverCommandExecutor.java:83)
at org.openqa.selenium.remote.RemoteWebDriver.execute(RemoteWebDriver.java:552)
at org.openqa.selenium.remote.RemoteWebDriver.findElement(RemoteWebDriver.java:323)
at org.openqa.selenium.remote.RemoteWebDriver.findElementByXPath(RemoteWebDriver.java:428)
at org.openqa.selenium.By$ByXPath.findElement(By.java:353)
at org.openqa.selenium.remote.RemoteWebDriver.findElement(RemoteWebDriver.java:315)
at com.salesforce.automation.SalesforceAccounts_Testcases.mergeAccount(SalesforceAccounts_Testcases.java:291)
at java.base/jdk.internal.reflect.NativeMethodAccessorImpl.invoke0(Native Method)
at java.base/jdk.internal.reflect.NativeMethodAccessorImpl.invoke(NativeMethodAccessorImpl.java:64)
at java.base/jdk.internal.reflect.DelegatingMethodAccessorImpl.invoke(DelegatingMethodAccessorImpl.java:43)
at java.base/java.lang.reflect.Method.invoke(Method.java:564)
at org.testng.internal.invokers.MethodInvocationHelper.invokeMethod(MethodInvocationHelper.java:139)
at org.testng.internal.invokers.TestInvoker.invokeMethod(TestInvoker.java:677)
at org.testng.internal.invokers.TestInvoker.invokeTestMethod(TestInvoker.java:221)
at org.testng.internal.invokers.MethodRunner.runInSequence(MethodRunner.java:50)
at org.testng.internal.invokers.TestInvoker$MethodInvocationAgent.invoke(TestInvoker.java:969)
at org.testng.internal.invokers.TestInvoker.invokeTestMethods(TestInvoker.java:194)
at org.testng.internal.invokers.TestMethodWorker.invokeTestMethods(TestMethodWorker.java:148)
at org.testng.internal.invokers.TestMethodWorker.run(TestMethodWorker.java:128)
at java.base/java.util.ArrayList.forEach(ArrayList.java:1511)
at org.testng.TestRunner.privateRun(TestRunner.java:829)
at org.testng.TestRunner.run(TestRunner.java:602)
at org.testng.SuiteRunner.runTest(SuiteRunner.java:437)
at org.testng.SuiteRunner.runSequentially(SuiteRunner.java:431)
at org.testng.SuiteRunner.privateRun(SuiteRunner.java:391)
at org.testng.SuiteRunner.run(SuiteRunner.java:330)
at org.testng.SuiteRunnerWorker.runSuite(SuiteRunnerWorker.java:52)
at org.testng.SuiteRunnerWorker.run(SuiteRunnerWorker.java:95)
at org.testng.TestNG.runSuitesSequentially(TestNG.java:1256)
at org.testng.TestNG.runSuitesLocally(TestNG.java:1176)
at org.testng.TestNG.runSuites(TestNG.java:1099)
at org.testng.TestNG.run(TestNG.java:1067)
at org.testng.remote.AbstractRemoteTestNG.run(AbstractRemoteTestNG.java:115)
at org.testng.remote.RemoteTestNG.initAndRun(RemoteTestNG.java:251)
at org.testng.remote.RemoteTestNG.main(RemoteTestNG.java:77)
]]>
            </full-stacktrace>
          </exception> <!-- org.openqa.selenium.NoSuchElementException -->
          <reporter-output>
          </reporter-output>
        </test-method> <!-- mergeAccount -->
        <test-method is-config="true" signature="tearDownAfterTestMethod()[pri:0, instance:com.salesforce.automation.SalesforceAccounts_Testcases@27a5328c]" started-at="2024-02-20T23:37:11 PST" name="tearDownAfterTestMethod" finished-at="2024-02-20T23:37:11 PST" duration-ms="153" status="PASS">
          <reporter-output>
          </reporter-output>
        </test-method> <!-- tearDownAfterTestMethod -->
      </class> <!-- com.salesforce.automation.SalesforceAccounts_Testcases -->
    </test> <!-- Test_Accounts -->
    <test started-at="2024-02-20T23:37:11 PST" name="Test_Oppurtunities" finished-at="2024-02-20T23:38:13 PST" duration-ms="61253">
      <class name="com.salesforce.automation.SalesforceCreateOpty_Testcases">
        <test-method is-config="true" signature="setUpBeforeMethod(java.lang.String)[pri:0, instance:com.salesforce.automation.SalesforceCreateOpty_Testcases@5f4d427e]" started-at="2024-02-20T23:37:11 PST" name="setUpBeforeMethod" finished-at="2024-02-20T23:37:13 PST" duration-ms="1744" status="PASS">
          <params>
            <param index="0">
              <value>
                <![CDATA[chrome]]>
              </value>
            </param>
          </params>
          <reporter-output>
          </reporter-output>
        </test-method> <!-- setUpBeforeMethod -->
        <test-method signature="OpportunityPipelineReport()[pri:0, instance:com.salesforce.automation.SalesforceCreateOpty_Testcases@5f4d427e]" started-at="2024-02-20T23:37:13 PST" name="OpportunityPipelineReport" finished-at="2024-02-20T23:37:22 PST" duration-ms="8572" status="PASS">
          <reporter-output>
          </reporter-output>
        </test-method> <!-- OpportunityPipelineReport -->
        <test-method is-config="true" signature="tearDownAfterTestMethod()[pri:0, instance:com.salesforce.automation.SalesforceCreateOpty_Testcases@5f4d427e]" started-at="2024-02-20T23:37:22 PST" name="tearDownAfterTestMethod" finished-at="2024-02-20T23:37:22 PST" duration-ms="156" status="PASS">
          <reporter-output>
          </reporter-output>
        </test-method> <!-- tearDownAfterTestMethod -->
        <test-method is-config="true" signature="setUpBeforeMethod(java.lang.String)[pri:0, instance:com.salesforce.automation.SalesforceCreateOpty_Testcases@5f4d427e]" started-at="2024-02-20T23:37:22 PST" name="setUpBeforeMethod" finished-at="2024-02-20T23:37:23 PST" duration-ms="1633" status="PASS">
          <params>
            <param index="0">
              <value>
                <![CDATA[chrome]]>
              </value>
            </param>
          </params>
          <reporter-output>
          </reporter-output>
        </test-method> <!-- setUpBeforeMethod -->
        <test-method signature="QuarterlySummaryReport()[pri:0, instance:com.salesforce.automation.SalesforceCreateOpty_Testcases@5f4d427e]" started-at="2024-02-20T23:37:23 PST" name="QuarterlySummaryReport" finished-at="2024-02-20T23:37:35 PST" duration-ms="11323" status="PASS">
          <reporter-output>
          </reporter-output>
        </test-method> <!-- QuarterlySummaryReport -->
        <test-method is-config="true" signature="tearDownAfterTestMethod()[pri:0, instance:com.salesforce.automation.SalesforceCreateOpty_Testcases@5f4d427e]" started-at="2024-02-20T23:37:35 PST" name="tearDownAfterTestMethod" finished-at="2024-02-20T23:37:35 PST" duration-ms="164" status="PASS">
          <reporter-output>
          </reporter-output>
        </test-method> <!-- tearDownAfterTestMethod -->
        <test-method is-config="true" signature="setUpBeforeMethod(java.lang.String)[pri:0, instance:com.salesforce.automation.SalesforceCreateOpty_Testcases@5f4d427e]" started-at="2024-02-20T23:37:35 PST" name="setUpBeforeMethod" finished-at="2024-02-20T23:37:37 PST" duration-ms="1634" status="PASS">
          <params>
            <param index="0">
              <value>
                <![CDATA[chrome]]>
              </value>
            </param>
          </params>
          <reporter-output>
          </reporter-output>
        </test-method> <!-- setUpBeforeMethod -->
        <test-method signature="StuckOpportunitiesReport()[pri:0, instance:com.salesforce.automation.SalesforceCreateOpty_Testcases@5f4d427e]" started-at="2024-02-20T23:37:37 PST" name="StuckOpportunitiesReport" finished-at="2024-02-20T23:37:46 PST" duration-ms="9084" status="PASS">
          <reporter-output>
          </reporter-output>
        </test-method> <!-- StuckOpportunitiesReport -->
        <test-method is-config="true" signature="tearDownAfterTestMethod()[pri:0, instance:com.salesforce.automation.SalesforceCreateOpty_Testcases@5f4d427e]" started-at="2024-02-20T23:37:46 PST" name="tearDownAfterTestMethod" finished-at="2024-02-20T23:37:46 PST" duration-ms="158" status="PASS">
          <reporter-output>
          </reporter-output>
        </test-method> <!-- tearDownAfterTestMethod -->
        <test-method is-config="true" signature="setUpBeforeMethod(java.lang.String)[pri:0, instance:com.salesforce.automation.SalesforceCreateOpty_Testcases@5f4d427e]" started-at="2024-02-20T23:37:46 PST" name="setUpBeforeMethod" finished-at="2024-02-20T23:37:47 PST" duration-ms="1622" status="PASS">
          <params>
            <param index="0">
              <value>
                <![CDATA[chrome]]>
              </value>
            </param>
          </params>
          <reporter-output>
          </reporter-output>
        </test-method> <!-- setUpBeforeMethod -->
        <test-method signature="createNewOppty()[pri:0, instance:com.salesforce.automation.SalesforceCreateOpty_Testcases@5f4d427e]" started-at="2024-02-20T23:37:47 PST" name="createNewOppty" finished-at="2024-02-20T23:38:02 PST" duration-ms="14510" status="FAIL">
          <exception class="org.openqa.selenium.NoSuchElementException">
            <message>
              <![CDATA[no such element: Unable to locate element: {"method":"xpath","selector":"//div[@id='opp3_ileinner']"}
  (Session info: chrome=121.0.6167.184)
For documentation on this error, please visit: https://www.seleniumhq.org/exceptions/no_such_element.html
Build info: version: '3.141.59', revision: 'e82be7d358', time: '2018-11-14T08:17:03'
System info: host: 'Nitins-MacBook-Pro.local', ip: '2601:646:8084:4d20:c5c3:1481:ce7f:a1ad%en0', os.name: 'Mac OS X', os.arch: 'x86_64', os.version: '10.16', java.version: '15.0.1'
Driver info: org.openqa.selenium.chrome.ChromeDriver
Capabilities {acceptInsecureCerts: false, browserName: chrome, browserVersion: 121.0.6167.184, chrome: {chromedriverVersion: 121.0.6167.184 (057a8ae7deb..., userDataDir: /var/folders/gx/qjsbcn6d6d3...}, fedcm:accounts: true, goog:chromeOptions: {debuggerAddress: localhost:64738}, javascriptEnabled: true, networkConnectionEnabled: false, pageLoadStrategy: normal, platform: MAC, platformName: MAC, proxy: Proxy(), setWindowRect: true, strictFileInteractability: false, timeouts: {implicit: 0, pageLoad: 300000, script: 30000}, unhandledPromptBehavior: dismiss and notify, webauthn:extension:credBlob: true, webauthn:extension:largeBlob: true, webauthn:extension:minPinLength: true, webauthn:extension:prf: true, webauthn:virtualAuthenticators: true}
Session ID: 1493e3669a6e69bfcabc64fdd33516ac
*** Element info: {Using=xpath, value=//div[@id='opp3_ileinner']}]]>
            </message>
            <full-stacktrace>
              <![CDATA[org.openqa.selenium.NoSuchElementException: no such element: Unable to locate element: {"method":"xpath","selector":"//div[@id='opp3_ileinner']"}
  (Session info: chrome=121.0.6167.184)
For documentation on this error, please visit: https://www.seleniumhq.org/exceptions/no_such_element.html
Build info: version: '3.141.59', revision: 'e82be7d358', time: '2018-11-14T08:17:03'
System info: host: 'Nitins-MacBook-Pro.local', ip: '2601:646:8084:4d20:c5c3:1481:ce7f:a1ad%en0', os.name: 'Mac OS X', os.arch: 'x86_64', os.version: '10.16', java.version: '15.0.1'
Driver info: org.openqa.selenium.chrome.ChromeDriver
Capabilities {acceptInsecureCerts: false, browserName: chrome, browserVersion: 121.0.6167.184, chrome: {chromedriverVersion: 121.0.6167.184 (057a8ae7deb..., userDataDir: /var/folders/gx/qjsbcn6d6d3...}, fedcm:accounts: true, goog:chromeOptions: {debuggerAddress: localhost:64738}, javascriptEnabled: true, networkConnectionEnabled: false, pageLoadStrategy: normal, platform: MAC, platformName: MAC, proxy: Proxy(), setWindowRect: true, strictFileInteractability: false, timeouts: {implicit: 0, pageLoad: 300000, script: 30000}, unhandledPromptBehavior: dismiss and notify, webauthn:extension:credBlob: true, webauthn:extension:largeBlob: true, webauthn:extension:minPinLength: true, webauthn:extension:prf: true, webauthn:virtualAuthenticators: true}
Session ID: 1493e3669a6e69bfcabc64fdd33516ac
*** Element info: {Using=xpath, value=//div[@id='opp3_ileinner']}
at java.base/jdk.internal.reflect.NativeConstructorAccessorImpl.newInstance0(Native Method)
at java.base/jdk.internal.reflect.NativeConstructorAccessorImpl.newInstance(NativeConstructorAccessorImpl.java:64)
at java.base/jdk.internal.reflect.DelegatingConstructorAccessorImpl.newInstance(DelegatingConstructorAccessorImpl.java:45)
at java.base/java.lang.reflect.Constructor.newInstanceWithCaller(Constructor.java:500)
at java.base/java.lang.reflect.Constructor.newInstance(Constructor.java:481)
at org.openqa.selenium.remote.http.W3CHttpResponseCodec.createException(W3CHttpResponseCodec.java:187)
at org.openqa.selenium.remote.http.W3CHttpResponseCodec.decode(W3CHttpResponseCodec.java:122)
at org.openqa.selenium.remote.http.W3CHttpResponseCodec.decode(W3CHttpResponseCodec.java:49)
at org.openqa.selenium.remote.HttpCommandExecutor.execute(HttpCommandExecutor.java:158)
at org.openqa.selenium.remote.service.DriverCommandExecutor.execute(DriverCommandExecutor.java:83)
at org.openqa.selenium.remote.RemoteWebDriver.execute(RemoteWebDriver.java:552)
at org.openqa.selenium.remote.RemoteWebDriver.findElement(RemoteWebDriver.java:323)
at org.openqa.selenium.remote.RemoteWebDriver.findElementByXPath(RemoteWebDriver.java:428)
at org.openqa.selenium.By$ByXPath.findElement(By.java:353)
at org.openqa.selenium.remote.RemoteWebDriver.findElement(RemoteWebDriver.java:315)
at com.salesforce.automation.SalesforceCreateOpty_Testcases.createNewOppty(SalesforceCreateOpty_Testcases.java:110)
at java.base/jdk.internal.reflect.NativeMethodAccessorImpl.invoke0(Native Method)
at java.base/jdk.internal.reflect.NativeMethodAccessorImpl.invoke(NativeMethodAccessorImpl.java:64)
at java.base/jdk.internal.reflect.DelegatingMethodAccessorImpl.invoke(DelegatingMethodAccessorImpl.java:43)
at java.base/java.lang.reflect.Method.invoke(Method.java:564)
at org.testng.internal.invokers.MethodInvocationHelper.invokeMethod(MethodInvocationHelper.java:139)
at org.testng.internal.invokers.TestInvoker.invokeMethod(TestInvoker.java:677)
at org.testng.internal.invokers.TestInvoker.invokeTestMethod(TestInvoker.java:221)
at org.testng.internal.invokers.MethodRunner.runInSequence(MethodRunner.java:50)
at org.testng.internal.invokers.TestInvoker$MethodInvocationAgent.invoke(TestInvoker.java:969)
at org.testng.internal.invokers.TestInvoker.invokeTestMethods(TestInvoker.java:194)
at org.testng.internal.invokers.TestMethodWorker.invokeTestMethods(TestMethodWorker.java:148)
at org.testng.internal.invokers.TestMethodWorker.run(TestMethodWorker.java:128)
at java.base/java.util.ArrayList.forEach(ArrayList.java:1511)
at org.testng.TestRunner.privateRun(TestRunner.java:829)
at org.testng.TestRunner.run(TestRunner.java:602)
at org.testng.SuiteRunner.runTest(SuiteRunner.java:437)
at org.testng.SuiteRunner.runSequentially(SuiteRunner.java:431)
at org.testng.SuiteRunner.privateRun(SuiteRunner.java:391)
at org.testng.SuiteRunner.run(SuiteRunner.java:330)
at org.testng.SuiteRunnerWorker.runSuite(SuiteRunnerWorker.java:52)
at org.testng.SuiteRunnerWorker.run(SuiteRunnerWorker.java:95)
at org.testng.TestNG.runSuitesSequentially(TestNG.java:1256)
at org.testng.TestNG.runSuitesLocally(TestNG.java:1176)
at org.testng.TestNG.runSuites(TestNG.java:1099)
at org.testng.TestNG.run(TestNG.java:1067)
at org.testng.remote.AbstractRemoteTestNG.run(AbstractRemoteTestNG.java:115)
at org.testng.remote.RemoteTestNG.initAndRun(RemoteTestNG.java:251)
at org.testng.remote.RemoteTestNG.main(RemoteTestNG.java:77)
]]>
            </full-stacktrace>
          </exception> <!-- org.openqa.selenium.NoSuchElementException -->
          <reporter-output>
          </reporter-output>
        </test-method> <!-- createNewOppty -->
        <test-method is-config="true" signature="tearDownAfterTestMethod()[pri:0, instance:com.salesforce.automation.SalesforceCreateOpty_Testcases@5f4d427e]" started-at="2024-02-20T23:38:02 PST" name="tearDownAfterTestMethod" finished-at="2024-02-20T23:38:02 PST" duration-ms="150" status="PASS">
          <reporter-output>
          </reporter-output>
        </test-method> <!-- tearDownAfterTestMethod -->
        <test-method is-config="true" signature="setUpBeforeMethod(java.lang.String)[pri:0, instance:com.salesforce.automation.SalesforceCreateOpty_Testcases@5f4d427e]" started-at="2024-02-20T23:38:02 PST" name="setUpBeforeMethod" finished-at="2024-02-20T23:38:04 PST" duration-ms="1661" status="PASS">
          <params>
            <param index="0">
              <value>
                <![CDATA[chrome]]>
              </value>
            </param>
          </params>
          <reporter-output>
          </reporter-output>
        </test-method> <!-- setUpBeforeMethod -->
        <test-method signature="opportunitiesdropdown()[pri:0, instance:com.salesforce.automation.SalesforceCreateOpty_Testcases@5f4d427e]" started-at="2024-02-20T23:38:04 PST" name="opportunitiesdropdown" finished-at="2024-02-20T23:38:10 PST" duration-ms="6237" status="PASS">
          <reporter-output>
          </reporter-output>
        </test-method> <!-- opportunitiesdropdown -->
        <test-method is-config="true" signature="tearDownAfterTestMethod()[pri:0, instance:com.salesforce.automation.SalesforceCreateOpty_Testcases@5f4d427e]" started-at="2024-02-20T23:38:10 PST" name="tearDownAfterTestMethod" finished-at="2024-02-20T23:38:13 PST" duration-ms="2278" status="PASS">
          <reporter-output>
          </reporter-output>
        </test-method> <!-- tearDownAfterTestMethod -->
      </class> <!-- com.salesforce.automation.SalesforceCreateOpty_Testcases -->
    </test> <!-- Test_Oppurtunities -->
    <test started-at="2024-02-20T23:38:13 PST" name="Test_Leads&gt;" finished-at="2024-02-20T23:39:15 PST" duration-ms="62616">
      <class name="com.salesforce.automation.SalesforceLeads_Testcases">
        <test-method is-config="true" signature="setUpBeforeMethod(java.lang.String)[pri:0, instance:com.salesforce.automation.SalesforceLeads_Testcases@25f7391e]" started-at="2024-02-20T23:38:13 PST" name="setUpBeforeMethod" finished-at="2024-02-20T23:38:14 PST" duration-ms="1773" status="PASS">
          <params>
            <param index="0">
              <value>
                <![CDATA[chrome]]>
              </value>
            </param>
          </params>
          <reporter-output>
          </reporter-output>
        </test-method> <!-- setUpBeforeMethod -->
        <test-method signature="Leadstablink()[pri:0, instance:com.salesforce.automation.SalesforceLeads_Testcases@25f7391e]" started-at="2024-02-20T23:38:14 PST" name="Leadstablink" finished-at="2024-02-20T23:38:21 PST" duration-ms="6456" status="PASS">
          <reporter-output>
          </reporter-output>
        </test-method> <!-- Leadstablink -->
        <test-method is-config="true" signature="tearDownAfterTestMethod()[pri:0, instance:com.salesforce.automation.SalesforceLeads_Testcases@25f7391e]" started-at="2024-02-20T23:38:21 PST" name="tearDownAfterTestMethod" finished-at="2024-02-20T23:38:21 PST" duration-ms="154" status="PASS">
          <reporter-output>
          </reporter-output>
        </test-method> <!-- tearDownAfterTestMethod -->
        <test-method is-config="true" signature="setUpBeforeMethod(java.lang.String)[pri:0, instance:com.salesforce.automation.SalesforceLeads_Testcases@25f7391e]" started-at="2024-02-20T23:38:21 PST" name="setUpBeforeMethod" finished-at="2024-02-20T23:38:23 PST" duration-ms="1673" status="PASS">
          <params>
            <param index="0">
              <value>
                <![CDATA[chrome]]>
              </value>
            </param>
          </params>
          <reporter-output>
          </reporter-output>
        </test-method> <!-- setUpBeforeMethod -->
        <test-method signature="defaultView()[pri:0, instance:com.salesforce.automation.SalesforceLeads_Testcases@25f7391e]" started-at="2024-02-20T23:38:23 PST" name="defaultView" finished-at="2024-02-20T23:38:41 PST" duration-ms="18216" status="PASS">
          <reporter-output>
          </reporter-output>
        </test-method> <!-- defaultView -->
        <test-method is-config="true" signature="tearDownAfterTestMethod()[pri:0, instance:com.salesforce.automation.SalesforceLeads_Testcases@25f7391e]" started-at="2024-02-20T23:38:41 PST" name="tearDownAfterTestMethod" finished-at="2024-02-20T23:38:47 PST" duration-ms="6059" status="PASS">
          <reporter-output>
          </reporter-output>
        </test-method> <!-- tearDownAfterTestMethod -->
        <test-method is-config="true" signature="setUpBeforeMethod(java.lang.String)[pri:0, instance:com.salesforce.automation.SalesforceLeads_Testcases@25f7391e]" started-at="2024-02-20T23:38:47 PST" name="setUpBeforeMethod" finished-at="2024-02-20T23:38:48 PST" duration-ms="1581" status="PASS">
          <params>
            <param index="0">
              <value>
                <![CDATA[chrome]]>
              </value>
            </param>
          </params>
          <reporter-output>
          </reporter-output>
        </test-method> <!-- setUpBeforeMethod -->
        <test-method signature="leadsSelectView()[pri:0, instance:com.salesforce.automation.SalesforceLeads_Testcases@25f7391e]" started-at="2024-02-20T23:38:48 PST" name="leadsSelectView" finished-at="2024-02-20T23:38:55 PST" duration-ms="6663" status="PASS">
          <reporter-output>
          </reporter-output>
        </test-method> <!-- leadsSelectView -->
        <test-method is-config="true" signature="tearDownAfterTestMethod()[pri:0, instance:com.salesforce.automation.SalesforceLeads_Testcases@25f7391e]" started-at="2024-02-20T23:38:55 PST" name="tearDownAfterTestMethod" finished-at="2024-02-20T23:39:15 PST" duration-ms="20026" status="FAIL">
          <exception class="org.openqa.selenium.WebDriverException">
            <message>
              <![CDATA[unknown error: failed to close window in 20 seconds
  (Session info: chrome=121.0.6167.184)
Build info: version: '3.141.59', revision: 'e82be7d358', time: '2018-11-14T08:17:03'
System info: host: 'Nitins-MacBook-Pro.local', ip: '2601:646:8084:4d20:c5c3:1481:ce7f:a1ad%en0', os.name: 'Mac OS X', os.arch: 'x86_64', os.version: '10.16', java.version: '15.0.1'
Driver info: org.openqa.selenium.chrome.ChromeDriver
Capabilities {acceptInsecureCerts: false, browserName: chrome, browserVersion: 121.0.6167.184, chrome: {chromedriverVersion: 121.0.6167.184 (057a8ae7deb..., userDataDir: /var/folders/gx/qjsbcn6d6d3...}, fedcm:accounts: true, goog:chromeOptions: {debuggerAddress: localhost:65177}, javascriptEnabled: true, networkConnectionEnabled: false, pageLoadStrategy: normal, platform: MAC, platformName: MAC, proxy: Proxy(), setWindowRect: true, strictFileInteractability: false, timeouts: {implicit: 0, pageLoad: 300000, script: 30000}, unhandledPromptBehavior: dismiss and notify, webauthn:extension:credBlob: true, webauthn:extension:largeBlob: true, webauthn:extension:minPinLength: true, webauthn:extension:prf: true, webauthn:virtualAuthenticators: true}
Session ID: a0b6c94965d555f80b9bb8a301bb9d51]]>
            </message>
            <full-stacktrace>
              <![CDATA[org.openqa.selenium.WebDriverException: unknown error: failed to close window in 20 seconds
  (Session info: chrome=121.0.6167.184)
Build info: version: '3.141.59', revision: 'e82be7d358', time: '2018-11-14T08:17:03'
System info: host: 'Nitins-MacBook-Pro.local', ip: '2601:646:8084:4d20:c5c3:1481:ce7f:a1ad%en0', os.name: 'Mac OS X', os.arch: 'x86_64', os.version: '10.16', java.version: '15.0.1'
Driver info: org.openqa.selenium.chrome.ChromeDriver
Capabilities {acceptInsecureCerts: false, browserName: chrome, browserVersion: 121.0.6167.184, chrome: {chromedriverVersion: 121.0.6167.184 (057a8ae7deb..., userDataDir: /var/folders/gx/qjsbcn6d6d3...}, fedcm:accounts: true, goog:chromeOptions: {debuggerAddress: localhost:65177}, javascriptEnabled: true, networkConnectionEnabled: false, pageLoadStrategy: normal, platform: MAC, platformName: MAC, proxy: Proxy(), setWindowRect: true, strictFileInteractability: false, timeouts: {implicit: 0, pageLoad: 300000, script: 30000}, unhandledPromptBehavior: dismiss and notify, webauthn:extension:credBlob: true, webauthn:extension:largeBlob: true, webauthn:extension:minPinLength: true, webauthn:extension:prf: true, webauthn:virtualAuthenticators: true}
Session ID: a0b6c94965d555f80b9bb8a301bb9d51
at java.base/jdk.internal.reflect.NativeConstructorAccessorImpl.newInstance0(Native Method)
at java.base/jdk.internal.reflect.NativeConstructorAccessorImpl.newInstance(NativeConstructorAccessorImpl.java:64)
at java.base/jdk.internal.reflect.DelegatingConstructorAccessorImpl.newInstance(DelegatingConstructorAccessorImpl.java:45)
at java.base/java.lang.reflect.Constructor.newInstanceWithCaller(Constructor.java:500)
at java.base/java.lang.reflect.Constructor.newInstance(Constructor.java:481)
at org.openqa.selenium.remote.http.W3CHttpResponseCodec.createException(W3CHttpResponseCodec.java:187)
at org.openqa.selenium.remote.http.W3CHttpResponseCodec.decode(W3CHttpResponseCodec.java:122)
at org.openqa.selenium.remote.http.W3CHttpResponseCodec.decode(W3CHttpResponseCodec.java:49)
at org.openqa.selenium.remote.HttpCommandExecutor.execute(HttpCommandExecutor.java:158)
at org.openqa.selenium.remote.service.DriverCommandExecutor.execute(DriverCommandExecutor.java:83)
at org.openqa.selenium.remote.RemoteWebDriver.execute(RemoteWebDriver.java:552)
at org.openqa.selenium.remote.RemoteWebDriver.execute(RemoteWebDriver.java:609)
at org.openqa.selenium.remote.RemoteWebDriver.close(RemoteWebDriver.java:442)
at com.salesforce.base.BaseClass.driverClose(BaseClass.java:241)
at com.salesforce.base.BaseSalesForceClass.tearDownAfterTestMethod(BaseSalesForceClass.java:54)
at jdk.internal.reflect.GeneratedMethodAccessor2.invoke(Unknown Source)
at java.base/jdk.internal.reflect.DelegatingMethodAccessorImpl.invoke(DelegatingMethodAccessorImpl.java:43)
at java.base/java.lang.reflect.Method.invoke(Method.java:564)
at org.testng.internal.invokers.MethodInvocationHelper.invokeMethod(MethodInvocationHelper.java:139)
at org.testng.internal.invokers.MethodInvocationHelper.invokeMethodConsideringTimeout(MethodInvocationHelper.java:69)
at org.testng.internal.invokers.ConfigInvoker.invokeConfigurationMethod(ConfigInvoker.java:361)
at org.testng.internal.invokers.ConfigInvoker.invokeConfigurations(ConfigInvoker.java:296)
at org.testng.internal.invokers.TestInvoker.runConfigMethods(TestInvoker.java:823)
at org.testng.internal.invokers.TestInvoker.runAfterConfigurations(TestInvoker.java:792)
at org.testng.internal.invokers.TestInvoker.invokeMethod(TestInvoker.java:768)
at org.testng.internal.invokers.TestInvoker.invokeTestMethod(TestInvoker.java:221)
at org.testng.internal.invokers.MethodRunner.runInSequence(MethodRunner.java:50)
at org.testng.internal.invokers.TestInvoker$MethodInvocationAgent.invoke(TestInvoker.java:969)
at org.testng.internal.invokers.TestInvoker.invokeTestMethods(TestInvoker.java:194)
at org.testng.internal.invokers.TestMethodWorker.invokeTestMethods(TestMethodWorker.java:148)
at org.testng.internal.invokers.TestMethodWorker.run(TestMethodWorker.java:128)
at java.base/java.util.ArrayList.forEach(ArrayList.java:1511)
at org.testng.TestRunner.privateRun(TestRunner.java:829)
at org.testng.TestRunner.run(TestRunner.java:602)
at org.testng.SuiteRunner.runTest(SuiteRunner.java:437)
at org.testng.SuiteRunner.runSequentially(SuiteRunner.java:431)
at org.testng.SuiteRunner.privateRun(SuiteRunner.java:391)
at org.testng.SuiteRunner.run(SuiteRunner.java:330)
at org.testng.SuiteRunnerWorker.runSuite(SuiteRunnerWorker.java:52)
at org.testng.SuiteRunnerWorker.run(SuiteRunnerWorker.java:95)
at org.testng.TestNG.runSuitesSequentially(TestNG.java:1256)
at org.testng.TestNG.runSuitesLocally(TestNG.java:1176)
at org.testng.TestNG.runSuites(TestNG.java:1099)
at org.testng.TestNG.run(TestNG.java:1067)
at org.testng.remote.AbstractRemoteTestNG.run(AbstractRemoteTestNG.java:115)
at org.testng.remote.RemoteTestNG.initAndRun(RemoteTestNG.java:251)
at org.testng.remote.RemoteTestNG.main(RemoteTestNG.java:77)
]]>
            </full-stacktrace>
          </exception> <!-- org.openqa.selenium.WebDriverException -->
          <reporter-output>
          </reporter-output>
        </test-method> <!-- tearDownAfterTestMethod -->
        <test-method is-config="true" signature="setUpBeforeMethod(java.lang.String)[pri:0, instance:com.salesforce.automation.SalesforceLeads_Testcases@25f7391e]" started-at="2024-02-20T23:39:15 PST" name="setUpBeforeMethod" finished-at="2024-02-20T23:39:15 PST" duration-ms="0" status="SKIP">
          <reporter-output>
          </reporter-output>
        </test-method> <!-- setUpBeforeMethod -->
        <test-method signature="verifyListitemTodaysLeads()[pri:0, instance:com.salesforce.automation.SalesforceLeads_Testcases@25f7391e]" started-at="2024-02-20T23:39:15 PST" name="verifyListitemTodaysLeads" finished-at="2024-02-20T23:39:15 PST" duration-ms="0" status="SKIP">
          <exception class="org.openqa.selenium.WebDriverException">
            <message>
              <![CDATA[unknown error: failed to close window in 20 seconds
  (Session info: chrome=121.0.6167.184)
Build info: version: '3.141.59', revision: 'e82be7d358', time: '2018-11-14T08:17:03'
System info: host: 'Nitins-MacBook-Pro.local', ip: '2601:646:8084:4d20:c5c3:1481:ce7f:a1ad%en0', os.name: 'Mac OS X', os.arch: 'x86_64', os.version: '10.16', java.version: '15.0.1'
Driver info: org.openqa.selenium.chrome.ChromeDriver
Capabilities {acceptInsecureCerts: false, browserName: chrome, browserVersion: 121.0.6167.184, chrome: {chromedriverVersion: 121.0.6167.184 (057a8ae7deb..., userDataDir: /var/folders/gx/qjsbcn6d6d3...}, fedcm:accounts: true, goog:chromeOptions: {debuggerAddress: localhost:65177}, javascriptEnabled: true, networkConnectionEnabled: false, pageLoadStrategy: normal, platform: MAC, platformName: MAC, proxy: Proxy(), setWindowRect: true, strictFileInteractability: false, timeouts: {implicit: 0, pageLoad: 300000, script: 30000}, unhandledPromptBehavior: dismiss and notify, webauthn:extension:credBlob: true, webauthn:extension:largeBlob: true, webauthn:extension:minPinLength: true, webauthn:extension:prf: true, webauthn:virtualAuthenticators: true}
Session ID: a0b6c94965d555f80b9bb8a301bb9d51]]>
            </message>
            <full-stacktrace>
              <![CDATA[org.openqa.selenium.WebDriverException: unknown error: failed to close window in 20 seconds
  (Session info: chrome=121.0.6167.184)
Build info: version: '3.141.59', revision: 'e82be7d358', time: '2018-11-14T08:17:03'
System info: host: 'Nitins-MacBook-Pro.local', ip: '2601:646:8084:4d20:c5c3:1481:ce7f:a1ad%en0', os.name: 'Mac OS X', os.arch: 'x86_64', os.version: '10.16', java.version: '15.0.1'
Driver info: org.openqa.selenium.chrome.ChromeDriver
Capabilities {acceptInsecureCerts: false, browserName: chrome, browserVersion: 121.0.6167.184, chrome: {chromedriverVersion: 121.0.6167.184 (057a8ae7deb..., userDataDir: /var/folders/gx/qjsbcn6d6d3...}, fedcm:accounts: true, goog:chromeOptions: {debuggerAddress: localhost:65177}, javascriptEnabled: true, networkConnectionEnabled: false, pageLoadStrategy: normal, platform: MAC, platformName: MAC, proxy: Proxy(), setWindowRect: true, strictFileInteractability: false, timeouts: {implicit: 0, pageLoad: 300000, script: 30000}, unhandledPromptBehavior: dismiss and notify, webauthn:extension:credBlob: true, webauthn:extension:largeBlob: true, webauthn:extension:minPinLength: true, webauthn:extension:prf: true, webauthn:virtualAuthenticators: true}
Session ID: a0b6c94965d555f80b9bb8a301bb9d51
at java.base/jdk.internal.reflect.NativeConstructorAccessorImpl.newInstance0(Native Method)
at java.base/jdk.internal.reflect.NativeConstructorAccessorImpl.newInstance(NativeConstructorAccessorImpl.java:64)
at java.base/jdk.internal.reflect.DelegatingConstructorAccessorImpl.newInstance(DelegatingConstructorAccessorImpl.java:45)
at java.base/java.lang.reflect.Constructor.newInstanceWithCaller(Constructor.java:500)
at java.base/java.lang.reflect.Constructor.newInstance(Constructor.java:481)
at org.openqa.selenium.remote.http.W3CHttpResponseCodec.createException(W3CHttpResponseCodec.java:187)
at org.openqa.selenium.remote.http.W3CHttpResponseCodec.decode(W3CHttpResponseCodec.java:122)
at org.openqa.selenium.remote.http.W3CHttpResponseCodec.decode(W3CHttpResponseCodec.java:49)
at org.openqa.selenium.remote.HttpCommandExecutor.execute(HttpCommandExecutor.java:158)
at org.openqa.selenium.remote.service.DriverCommandExecutor.execute(DriverCommandExecutor.java:83)
at org.openqa.selenium.remote.RemoteWebDriver.execute(RemoteWebDriver.java:552)
at org.openqa.selenium.remote.RemoteWebDriver.execute(RemoteWebDriver.java:609)
at org.openqa.selenium.remote.RemoteWebDriver.close(RemoteWebDriver.java:442)
at com.salesforce.base.BaseClass.driverClose(BaseClass.java:241)
at com.salesforce.base.BaseSalesForceClass.tearDownAfterTestMethod(BaseSalesForceClass.java:54)
at jdk.internal.reflect.GeneratedMethodAccessor2.invoke(Unknown Source)
at java.base/jdk.internal.reflect.DelegatingMethodAccessorImpl.invoke(DelegatingMethodAccessorImpl.java:43)
at java.base/java.lang.reflect.Method.invoke(Method.java:564)
at org.testng.internal.invokers.MethodInvocationHelper.invokeMethod(MethodInvocationHelper.java:139)
at org.testng.internal.invokers.MethodInvocationHelper.invokeMethodConsideringTimeout(MethodInvocationHelper.java:69)
at org.testng.internal.invokers.ConfigInvoker.invokeConfigurationMethod(ConfigInvoker.java:361)
at org.testng.internal.invokers.ConfigInvoker.invokeConfigurations(ConfigInvoker.java:296)
at org.testng.internal.invokers.TestInvoker.runConfigMethods(TestInvoker.java:823)
at org.testng.internal.invokers.TestInvoker.runAfterConfigurations(TestInvoker.java:792)
at org.testng.internal.invokers.TestInvoker.invokeMethod(TestInvoker.java:768)
at org.testng.internal.invokers.TestInvoker.invokeTestMethod(TestInvoker.java:221)
at org.testng.internal.invokers.MethodRunner.runInSequence(MethodRunner.java:50)
at org.testng.internal.invokers.TestInvoker$MethodInvocationAgent.invoke(TestInvoker.java:969)
at org.testng.internal.invokers.TestInvoker.invokeTestMethods(TestInvoker.java:194)
at org.testng.internal.invokers.TestMethodWorker.invokeTestMethods(TestMethodWorker.java:148)
at org.testng.internal.invokers.TestMethodWorker.run(TestMethodWorker.java:128)
at java.base/java.util.ArrayList.forEach(ArrayList.java:1511)
at org.testng.TestRunner.privateRun(TestRunner.java:829)
at org.testng.TestRunner.run(TestRunner.java:602)
at org.testng.SuiteRunner.runTest(SuiteRunner.java:437)
at org.testng.SuiteRunner.runSequentially(SuiteRunner.java:431)
at org.testng.SuiteRunner.privateRun(SuiteRunner.java:391)
at org.testng.SuiteRunner.run(SuiteRunner.java:330)
at org.testng.SuiteRunnerWorker.runSuite(SuiteRunnerWorker.java:52)
at org.testng.SuiteRunnerWorker.run(SuiteRunnerWorker.java:95)
at org.testng.TestNG.runSuitesSequentially(TestNG.java:1256)
at org.testng.TestNG.runSuitesLocally(TestNG.java:1176)
at org.testng.TestNG.runSuites(TestNG.java:1099)
at org.testng.TestNG.run(TestNG.java:1067)
at org.testng.remote.AbstractRemoteTestNG.run(AbstractRemoteTestNG.java:115)
at org.testng.remote.RemoteTestNG.initAndRun(RemoteTestNG.java:251)
at org.testng.remote.RemoteTestNG.main(RemoteTestNG.java:77)
]]>
            </full-stacktrace>
          </exception> <!-- org.openqa.selenium.WebDriverException -->
          <reporter-output>
          </reporter-output>
        </test-method> <!-- verifyListitemTodaysLeads -->
        <test-method is-config="true" signature="tearDownAfterTestMethod()[pri:0, instance:com.salesforce.automation.SalesforceLeads_Testcases@25f7391e]" started-at="2024-02-20T23:39:15 PST" name="tearDownAfterTestMethod" finished-at="2024-02-20T23:39:15 PST" duration-ms="0" status="SKIP">
          <reporter-output>
          </reporter-output>
        </test-method> <!-- tearDownAfterTestMethod -->
        <test-method is-config="true" signature="setUpBeforeMethod(java.lang.String)[pri:0, instance:com.salesforce.automation.SalesforceLeads_Testcases@25f7391e]" started-at="2024-02-20T23:39:15 PST" name="setUpBeforeMethod" finished-at="2024-02-20T23:39:15 PST" duration-ms="0" status="SKIP">
          <reporter-output>
          </reporter-output>
        </test-method> <!-- setUpBeforeMethod -->
        <test-method signature="verifyNewButtonOnLeads()[pri:0, instance:com.salesforce.automation.SalesforceLeads_Testcases@25f7391e]" started-at="2024-02-20T23:39:15 PST" name="verifyNewButtonOnLeads" finished-at="2024-02-20T23:39:15 PST" duration-ms="0" status="SKIP">
          <exception class="org.openqa.selenium.WebDriverException">
            <message>
              <![CDATA[unknown error: failed to close window in 20 seconds
  (Session info: chrome=121.0.6167.184)
Build info: version: '3.141.59', revision: 'e82be7d358', time: '2018-11-14T08:17:03'
System info: host: 'Nitins-MacBook-Pro.local', ip: '2601:646:8084:4d20:c5c3:1481:ce7f:a1ad%en0', os.name: 'Mac OS X', os.arch: 'x86_64', os.version: '10.16', java.version: '15.0.1'
Driver info: org.openqa.selenium.chrome.ChromeDriver
Capabilities {acceptInsecureCerts: false, browserName: chrome, browserVersion: 121.0.6167.184, chrome: {chromedriverVersion: 121.0.6167.184 (057a8ae7deb..., userDataDir: /var/folders/gx/qjsbcn6d6d3...}, fedcm:accounts: true, goog:chromeOptions: {debuggerAddress: localhost:65177}, javascriptEnabled: true, networkConnectionEnabled: false, pageLoadStrategy: normal, platform: MAC, platformName: MAC, proxy: Proxy(), setWindowRect: true, strictFileInteractability: false, timeouts: {implicit: 0, pageLoad: 300000, script: 30000}, unhandledPromptBehavior: dismiss and notify, webauthn:extension:credBlob: true, webauthn:extension:largeBlob: true, webauthn:extension:minPinLength: true, webauthn:extension:prf: true, webauthn:virtualAuthenticators: true}
Session ID: a0b6c94965d555f80b9bb8a301bb9d51]]>
            </message>
            <full-stacktrace>
              <![CDATA[org.openqa.selenium.WebDriverException: unknown error: failed to close window in 20 seconds
  (Session info: chrome=121.0.6167.184)
Build info: version: '3.141.59', revision: 'e82be7d358', time: '2018-11-14T08:17:03'
System info: host: 'Nitins-MacBook-Pro.local', ip: '2601:646:8084:4d20:c5c3:1481:ce7f:a1ad%en0', os.name: 'Mac OS X', os.arch: 'x86_64', os.version: '10.16', java.version: '15.0.1'
Driver info: org.openqa.selenium.chrome.ChromeDriver
Capabilities {acceptInsecureCerts: false, browserName: chrome, browserVersion: 121.0.6167.184, chrome: {chromedriverVersion: 121.0.6167.184 (057a8ae7deb..., userDataDir: /var/folders/gx/qjsbcn6d6d3...}, fedcm:accounts: true, goog:chromeOptions: {debuggerAddress: localhost:65177}, javascriptEnabled: true, networkConnectionEnabled: false, pageLoadStrategy: normal, platform: MAC, platformName: MAC, proxy: Proxy(), setWindowRect: true, strictFileInteractability: false, timeouts: {implicit: 0, pageLoad: 300000, script: 30000}, unhandledPromptBehavior: dismiss and notify, webauthn:extension:credBlob: true, webauthn:extension:largeBlob: true, webauthn:extension:minPinLength: true, webauthn:extension:prf: true, webauthn:virtualAuthenticators: true}
Session ID: a0b6c94965d555f80b9bb8a301bb9d51
at java.base/jdk.internal.reflect.NativeConstructorAccessorImpl.newInstance0(Native Method)
at java.base/jdk.internal.reflect.NativeConstructorAccessorImpl.newInstance(NativeConstructorAccessorImpl.java:64)
at java.base/jdk.internal.reflect.DelegatingConstructorAccessorImpl.newInstance(DelegatingConstructorAccessorImpl.java:45)
at java.base/java.lang.reflect.Constructor.newInstanceWithCaller(Constructor.java:500)
at java.base/java.lang.reflect.Constructor.newInstance(Constructor.java:481)
at org.openqa.selenium.remote.http.W3CHttpResponseCodec.createException(W3CHttpResponseCodec.java:187)
at org.openqa.selenium.remote.http.W3CHttpResponseCodec.decode(W3CHttpResponseCodec.java:122)
at org.openqa.selenium.remote.http.W3CHttpResponseCodec.decode(W3CHttpResponseCodec.java:49)
at org.openqa.selenium.remote.HttpCommandExecutor.execute(HttpCommandExecutor.java:158)
at org.openqa.selenium.remote.service.DriverCommandExecutor.execute(DriverCommandExecutor.java:83)
at org.openqa.selenium.remote.RemoteWebDriver.execute(RemoteWebDriver.java:552)
at org.openqa.selenium.remote.RemoteWebDriver.execute(RemoteWebDriver.java:609)
at org.openqa.selenium.remote.RemoteWebDriver.close(RemoteWebDriver.java:442)
at com.salesforce.base.BaseClass.driverClose(BaseClass.java:241)
at com.salesforce.base.BaseSalesForceClass.tearDownAfterTestMethod(BaseSalesForceClass.java:54)
at jdk.internal.reflect.GeneratedMethodAccessor2.invoke(Unknown Source)
at java.base/jdk.internal.reflect.DelegatingMethodAccessorImpl.invoke(DelegatingMethodAccessorImpl.java:43)
at java.base/java.lang.reflect.Method.invoke(Method.java:564)
at org.testng.internal.invokers.MethodInvocationHelper.invokeMethod(MethodInvocationHelper.java:139)
at org.testng.internal.invokers.MethodInvocationHelper.invokeMethodConsideringTimeout(MethodInvocationHelper.java:69)
at org.testng.internal.invokers.ConfigInvoker.invokeConfigurationMethod(ConfigInvoker.java:361)
at org.testng.internal.invokers.ConfigInvoker.invokeConfigurations(ConfigInvoker.java:296)
at org.testng.internal.invokers.TestInvoker.runConfigMethods(TestInvoker.java:823)
at org.testng.internal.invokers.TestInvoker.runAfterConfigurations(TestInvoker.java:792)
at org.testng.internal.invokers.TestInvoker.invokeMethod(TestInvoker.java:768)
at org.testng.internal.invokers.TestInvoker.invokeTestMethod(TestInvoker.java:221)
at org.testng.internal.invokers.MethodRunner.runInSequence(MethodRunner.java:50)
at org.testng.internal.invokers.TestInvoker$MethodInvocationAgent.invoke(TestInvoker.java:969)
at org.testng.internal.invokers.TestInvoker.invokeTestMethods(TestInvoker.java:194)
at org.testng.internal.invokers.TestMethodWorker.invokeTestMethods(TestMethodWorker.java:148)
at org.testng.internal.invokers.TestMethodWorker.run(TestMethodWorker.java:128)
at java.base/java.util.ArrayList.forEach(ArrayList.java:1511)
at org.testng.TestRunner.privateRun(TestRunner.java:829)
at org.testng.TestRunner.run(TestRunner.java:602)
at org.testng.SuiteRunner.runTest(SuiteRunner.java:437)
at org.testng.SuiteRunner.runSequentially(SuiteRunner.java:431)
at org.testng.SuiteRunner.privateRun(SuiteRunner.java:391)
at org.testng.SuiteRunner.run(SuiteRunner.java:330)
at org.testng.SuiteRunnerWorker.runSuite(SuiteRunnerWorker.java:52)
at org.testng.SuiteRunnerWorker.run(SuiteRunnerWorker.java:95)
at org.testng.TestNG.runSuitesSequentially(TestNG.java:1256)
at org.testng.TestNG.runSuitesLocally(TestNG.java:1176)
at org.testng.TestNG.runSuites(TestNG.java:1099)
at org.testng.TestNG.run(TestNG.java:1067)
at org.testng.remote.AbstractRemoteTestNG.run(AbstractRemoteTestNG.java:115)
at org.testng.remote.RemoteTestNG.initAndRun(RemoteTestNG.java:251)
at org.testng.remote.RemoteTestNG.main(RemoteTestNG.java:77)
]]>
            </full-stacktrace>
          </exception> <!-- org.openqa.selenium.WebDriverException -->
          <reporter-output>
          </reporter-output>
        </test-method> <!-- verifyNewButtonOnLeads -->
        <test-method is-config="true" signature="tearDownAfterTestMethod()[pri:0, instance:com.salesforce.automation.SalesforceLeads_Testcases@25f7391e]" started-at="2024-02-20T23:39:15 PST" name="tearDownAfterTestMethod" finished-at="2024-02-20T23:39:15 PST" duration-ms="0" status="SKIP">
          <reporter-output>
          </reporter-output>
        </test-method> <!-- tearDownAfterTestMethod -->
      </class> <!-- com.salesforce.automation.SalesforceLeads_Testcases -->
    </test> <!-- Test_Leads> -->
    <test started-at="2024-02-20T23:39:15 PST" name="Test_Contacts&gt;" finished-at="2024-02-20T23:40:32 PST" duration-ms="76720">
      <class name="com.salesforce.automation.SalesforceContact_Testcases">
        <test-method is-config="true" signature="setUpBeforeMethod(java.lang.String)[pri:0, instance:com.salesforce.automation.SalesforceContact_Testcases@62dae245]" started-at="2024-02-20T23:39:15 PST" name="setUpBeforeMethod" finished-at="2024-02-20T23:39:17 PST" duration-ms="2241" status="PASS">
          <params>
            <param index="0">
              <value>
                <![CDATA[chrome]]>
              </value>
            </param>
          </params>
          <reporter-output>
          </reporter-output>
        </test-method> <!-- setUpBeforeMethod -->
        <test-method signature="checkCancelButtn_NewView()[pri:0, instance:com.salesforce.automation.SalesforceContact_Testcases@62dae245]" started-at="2024-02-20T23:39:17 PST" name="checkCancelButtn_NewView" finished-at="2024-02-20T23:39:25 PST" duration-ms="7802" status="PASS">
          <reporter-output>
          </reporter-output>
        </test-method> <!-- checkCancelButtn_NewView -->
        <test-method is-config="true" signature="tearDownAfterTestMethod()[pri:0, instance:com.salesforce.automation.SalesforceContact_Testcases@62dae245]" started-at="2024-02-20T23:39:25 PST" name="tearDownAfterTestMethod" finished-at="2024-02-20T23:39:25 PST" duration-ms="142" status="PASS">
          <reporter-output>
          </reporter-output>
        </test-method> <!-- tearDownAfterTestMethod -->
        <test-method is-config="true" signature="setUpBeforeMethod(java.lang.String)[pri:0, instance:com.salesforce.automation.SalesforceContact_Testcases@62dae245]" started-at="2024-02-20T23:39:25 PST" name="setUpBeforeMethod" finished-at="2024-02-20T23:39:27 PST" duration-ms="1595" status="PASS">
          <params>
            <param index="0">
              <value>
                <![CDATA[chrome]]>
              </value>
            </param>
          </params>
          <reporter-output>
          </reporter-output>
        </test-method> <!-- setUpBeforeMethod -->
        <test-method signature="checkSaveNewButtn()[pri:0, instance:com.salesforce.automation.SalesforceContact_Testcases@62dae245]" started-at="2024-02-20T23:39:27 PST" name="checkSaveNewButtn" finished-at="2024-02-20T23:39:38 PST" duration-ms="10722" status="PASS">
          <reporter-output>
          </reporter-output>
        </test-method> <!-- checkSaveNewButtn -->
        <test-method is-config="true" signature="tearDownAfterTestMethod()[pri:0, instance:com.salesforce.automation.SalesforceContact_Testcases@62dae245]" started-at="2024-02-20T23:39:38 PST" name="tearDownAfterTestMethod" finished-at="2024-02-20T23:39:38 PST" duration-ms="166" status="PASS">
          <reporter-output>
          </reporter-output>
        </test-method> <!-- tearDownAfterTestMethod -->
        <test-method is-config="true" signature="setUpBeforeMethod(java.lang.String)[pri:0, instance:com.salesforce.automation.SalesforceContact_Testcases@62dae245]" started-at="2024-02-20T23:39:38 PST" name="setUpBeforeMethod" finished-at="2024-02-20T23:39:40 PST" duration-ms="1707" status="PASS">
          <params>
            <param index="0">
              <value>
                <![CDATA[chrome]]>
              </value>
            </param>
          </params>
          <reporter-output>
          </reporter-output>
        </test-method> <!-- setUpBeforeMethod -->
        <test-method signature="createNewContact()[pri:0, instance:com.salesforce.automation.SalesforceContact_Testcases@62dae245]" started-at="2024-02-20T23:39:40 PST" name="createNewContact" finished-at="2024-02-20T23:39:50 PST" duration-ms="9938" status="FAIL">
          <exception class="org.openqa.selenium.NoSuchElementException">
            <message>
              <![CDATA[no such element: Unable to locate element: {"method":"css selector","selector":".topName"}
  (Session info: chrome=121.0.6167.184)
For documentation on this error, please visit: https://www.seleniumhq.org/exceptions/no_such_element.html
Build info: version: '3.141.59', revision: 'e82be7d358', time: '2018-11-14T08:17:03'
System info: host: 'Nitins-MacBook-Pro.local', ip: '2601:646:8084:4d20:c5c3:1481:ce7f:a1ad%en0', os.name: 'Mac OS X', os.arch: 'x86_64', os.version: '10.16', java.version: '15.0.1'
Driver info: org.openqa.selenium.chrome.ChromeDriver
Capabilities {acceptInsecureCerts: false, browserName: chrome, browserVersion: 121.0.6167.184, chrome: {chromedriverVersion: 121.0.6167.184 (057a8ae7deb..., userDataDir: /var/folders/gx/qjsbcn6d6d3...}, fedcm:accounts: true, goog:chromeOptions: {debuggerAddress: localhost:65530}, javascriptEnabled: true, networkConnectionEnabled: false, pageLoadStrategy: normal, platform: MAC, platformName: MAC, proxy: Proxy(), setWindowRect: true, strictFileInteractability: false, timeouts: {implicit: 0, pageLoad: 300000, script: 30000}, unhandledPromptBehavior: dismiss and notify, webauthn:extension:credBlob: true, webauthn:extension:largeBlob: true, webauthn:extension:minPinLength: true, webauthn:extension:prf: true, webauthn:virtualAuthenticators: true}
Session ID: 7571ad880b0a2c66a30806ff99474b79
*** Element info: {Using=class name, value=topName}]]>
            </message>
            <full-stacktrace>
              <![CDATA[org.openqa.selenium.NoSuchElementException: no such element: Unable to locate element: {"method":"css selector","selector":".topName"}
  (Session info: chrome=121.0.6167.184)
For documentation on this error, please visit: https://www.seleniumhq.org/exceptions/no_such_element.html
Build info: version: '3.141.59', revision: 'e82be7d358', time: '2018-11-14T08:17:03'
System info: host: 'Nitins-MacBook-Pro.local', ip: '2601:646:8084:4d20:c5c3:1481:ce7f:a1ad%en0', os.name: 'Mac OS X', os.arch: 'x86_64', os.version: '10.16', java.version: '15.0.1'
Driver info: org.openqa.selenium.chrome.ChromeDriver
Capabilities {acceptInsecureCerts: false, browserName: chrome, browserVersion: 121.0.6167.184, chrome: {chromedriverVersion: 121.0.6167.184 (057a8ae7deb..., userDataDir: /var/folders/gx/qjsbcn6d6d3...}, fedcm:accounts: true, goog:chromeOptions: {debuggerAddress: localhost:65530}, javascriptEnabled: true, networkConnectionEnabled: false, pageLoadStrategy: normal, platform: MAC, platformName: MAC, proxy: Proxy(), setWindowRect: true, strictFileInteractability: false, timeouts: {implicit: 0, pageLoad: 300000, script: 30000}, unhandledPromptBehavior: dismiss and notify, webauthn:extension:credBlob: true, webauthn:extension:largeBlob: true, webauthn:extension:minPinLength: true, webauthn:extension:prf: true, webauthn:virtualAuthenticators: true}
Session ID: 7571ad880b0a2c66a30806ff99474b79
*** Element info: {Using=class name, value=topName}
at java.base/jdk.internal.reflect.NativeConstructorAccessorImpl.newInstance0(Native Method)
at java.base/jdk.internal.reflect.NativeConstructorAccessorImpl.newInstance(NativeConstructorAccessorImpl.java:64)
at java.base/jdk.internal.reflect.DelegatingConstructorAccessorImpl.newInstance(DelegatingConstructorAccessorImpl.java:45)
at java.base/java.lang.reflect.Constructor.newInstanceWithCaller(Constructor.java:500)
at java.base/java.lang.reflect.Constructor.newInstance(Constructor.java:481)
at org.openqa.selenium.remote.http.W3CHttpResponseCodec.createException(W3CHttpResponseCodec.java:187)
at org.openqa.selenium.remote.http.W3CHttpResponseCodec.decode(W3CHttpResponseCodec.java:122)
at org.openqa.selenium.remote.http.W3CHttpResponseCodec.decode(W3CHttpResponseCodec.java:49)
at org.openqa.selenium.remote.HttpCommandExecutor.execute(HttpCommandExecutor.java:158)
at org.openqa.selenium.remote.service.DriverCommandExecutor.execute(DriverCommandExecutor.java:83)
at org.openqa.selenium.remote.RemoteWebDriver.execute(RemoteWebDriver.java:552)
at org.openqa.selenium.remote.RemoteWebDriver.findElement(RemoteWebDriver.java:323)
at org.openqa.selenium.remote.RemoteWebDriver.findElementByClassName(RemoteWebDriver.java:412)
at org.openqa.selenium.By$ByClassName.findElement(By.java:389)
at org.openqa.selenium.remote.RemoteWebDriver.findElement(RemoteWebDriver.java:315)
at com.salesforce.automation.SalesforceContact_Testcases.createNewContact(SalesforceContact_Testcases.java:97)
at java.base/jdk.internal.reflect.NativeMethodAccessorImpl.invoke0(Native Method)
at java.base/jdk.internal.reflect.NativeMethodAccessorImpl.invoke(NativeMethodAccessorImpl.java:64)
at java.base/jdk.internal.reflect.DelegatingMethodAccessorImpl.invoke(DelegatingMethodAccessorImpl.java:43)
at java.base/java.lang.reflect.Method.invoke(Method.java:564)
at org.testng.internal.invokers.MethodInvocationHelper.invokeMethod(MethodInvocationHelper.java:139)
at org.testng.internal.invokers.TestInvoker.invokeMethod(TestInvoker.java:677)
at org.testng.internal.invokers.TestInvoker.invokeTestMethod(TestInvoker.java:221)
at org.testng.internal.invokers.MethodRunner.runInSequence(MethodRunner.java:50)
at org.testng.internal.invokers.TestInvoker$MethodInvocationAgent.invoke(TestInvoker.java:969)
at org.testng.internal.invokers.TestInvoker.invokeTestMethods(TestInvoker.java:194)
at org.testng.internal.invokers.TestMethodWorker.invokeTestMethods(TestMethodWorker.java:148)
at org.testng.internal.invokers.TestMethodWorker.run(TestMethodWorker.java:128)
at java.base/java.util.ArrayList.forEach(ArrayList.java:1511)
at org.testng.TestRunner.privateRun(TestRunner.java:829)
at org.testng.TestRunner.run(TestRunner.java:602)
at org.testng.SuiteRunner.runTest(SuiteRunner.java:437)
at org.testng.SuiteRunner.runSequentially(SuiteRunner.java:431)
at org.testng.SuiteRunner.privateRun(SuiteRunner.java:391)
at org.testng.SuiteRunner.run(SuiteRunner.java:330)
at org.testng.SuiteRunnerWorker.runSuite(SuiteRunnerWorker.java:52)
at org.testng.SuiteRunnerWorker.run(SuiteRunnerWorker.java:95)
at org.testng.TestNG.runSuitesSequentially(TestNG.java:1256)
at org.testng.TestNG.runSuitesLocally(TestNG.java:1176)
at org.testng.TestNG.runSuites(TestNG.java:1099)
at org.testng.TestNG.run(TestNG.java:1067)
at org.testng.remote.AbstractRemoteTestNG.run(AbstractRemoteTestNG.java:115)
at org.testng.remote.RemoteTestNG.initAndRun(RemoteTestNG.java:251)
at org.testng.remote.RemoteTestNG.main(RemoteTestNG.java:77)
]]>
            </full-stacktrace>
          </exception> <!-- org.openqa.selenium.NoSuchElementException -->
          <reporter-output>
          </reporter-output>
        </test-method> <!-- createNewContact -->
        <test-method is-config="true" signature="tearDownAfterTestMethod()[pri:0, instance:com.salesforce.automation.SalesforceContact_Testcases@62dae245]" started-at="2024-02-20T23:39:50 PST" name="tearDownAfterTestMethod" finished-at="2024-02-20T23:39:50 PST" duration-ms="147" status="PASS">
          <reporter-output>
          </reporter-output>
        </test-method> <!-- tearDownAfterTestMethod -->
        <test-method is-config="true" signature="setUpBeforeMethod(java.lang.String)[pri:0, instance:com.salesforce.automation.SalesforceContact_Testcases@62dae245]" started-at="2024-02-20T23:39:50 PST" name="setUpBeforeMethod" finished-at="2024-02-20T23:39:52 PST" duration-ms="1664" status="PASS">
          <params>
            <param index="0">
              <value>
                <![CDATA[chrome]]>
              </value>
            </param>
          </params>
          <reporter-output>
          </reporter-output>
        </test-method> <!-- setUpBeforeMethod -->
        <test-method signature="createNewViewContact()[pri:0, instance:com.salesforce.automation.SalesforceContact_Testcases@62dae245]" started-at="2024-02-20T23:39:52 PST" name="createNewViewContact" finished-at="2024-02-20T23:40:00 PST" duration-ms="8591" status="PASS">
          <reporter-output>
          </reporter-output>
        </test-method> <!-- createNewViewContact -->
        <test-method is-config="true" signature="tearDownAfterTestMethod()[pri:0, instance:com.salesforce.automation.SalesforceContact_Testcases@62dae245]" started-at="2024-02-20T23:40:00 PST" name="tearDownAfterTestMethod" finished-at="2024-02-20T23:40:00 PST" duration-ms="139" status="PASS">
          <reporter-output>
          </reporter-output>
        </test-method> <!-- tearDownAfterTestMethod -->
        <test-method is-config="true" signature="setUpBeforeMethod(java.lang.String)[pri:0, instance:com.salesforce.automation.SalesforceContact_Testcases@62dae245]" started-at="2024-02-20T23:40:00 PST" name="setUpBeforeMethod" finished-at="2024-02-20T23:40:02 PST" duration-ms="1658" status="PASS">
          <params>
            <param index="0">
              <value>
                <![CDATA[chrome]]>
              </value>
            </param>
          </params>
          <reporter-output>
          </reporter-output>
        </test-method> <!-- setUpBeforeMethod -->
        <test-method signature="mycontactsView()[pri:0, instance:com.salesforce.automation.SalesforceContact_Testcases@62dae245]" started-at="2024-02-20T23:40:02 PST" name="mycontactsView" finished-at="2024-02-20T23:40:11 PST" duration-ms="9239" status="PASS">
          <reporter-output>
          </reporter-output>
        </test-method> <!-- mycontactsView -->
        <test-method is-config="true" signature="tearDownAfterTestMethod()[pri:0, instance:com.salesforce.automation.SalesforceContact_Testcases@62dae245]" started-at="2024-02-20T23:40:11 PST" name="tearDownAfterTestMethod" finished-at="2024-02-20T23:40:11 PST" duration-ms="151" status="PASS">
          <reporter-output>
          </reporter-output>
        </test-method> <!-- tearDownAfterTestMethod -->
        <test-method is-config="true" signature="setUpBeforeMethod(java.lang.String)[pri:0, instance:com.salesforce.automation.SalesforceContact_Testcases@62dae245]" started-at="2024-02-20T23:40:11 PST" name="setUpBeforeMethod" finished-at="2024-02-20T23:40:13 PST" duration-ms="1782" status="PASS">
          <params>
            <param index="0">
              <value>
                <![CDATA[chrome]]>
              </value>
            </param>
          </params>
          <reporter-output>
          </reporter-output>
        </test-method> <!-- setUpBeforeMethod -->
        <test-method signature="recentContactsView()[pri:0, instance:com.salesforce.automation.SalesforceContact_Testcases@62dae245]" started-at="2024-02-20T23:40:13 PST" name="recentContactsView" finished-at="2024-02-20T23:40:21 PST" duration-ms="7780" status="PASS">
          <reporter-output>
          </reporter-output>
        </test-method> <!-- recentContactsView -->
        <test-method is-config="true" signature="tearDownAfterTestMethod()[pri:0, instance:com.salesforce.automation.SalesforceContact_Testcases@62dae245]" started-at="2024-02-20T23:40:21 PST" name="tearDownAfterTestMethod" finished-at="2024-02-20T23:40:21 PST" duration-ms="120" status="PASS">
          <reporter-output>
          </reporter-output>
        </test-method> <!-- tearDownAfterTestMethod -->
        <test-method is-config="true" signature="setUpBeforeMethod(java.lang.String)[pri:0, instance:com.salesforce.automation.SalesforceContact_Testcases@62dae245]" started-at="2024-02-20T23:40:21 PST" name="setUpBeforeMethod" finished-at="2024-02-20T23:40:24 PST" duration-ms="2443" status="PASS">
          <params>
            <param index="0">
              <value>
                <![CDATA[chrome]]>
              </value>
            </param>
          </params>
          <reporter-output>
          </reporter-output>
        </test-method> <!-- setUpBeforeMethod -->
        <test-method signature="verifyErrormessage()[pri:0, instance:com.salesforce.automation.SalesforceContact_Testcases@62dae245]" started-at="2024-02-20T23:40:24 PST" name="verifyErrormessage" finished-at="2024-02-20T23:40:32 PST" duration-ms="8161" status="PASS">
          <reporter-output>
          </reporter-output>
        </test-method> <!-- verifyErrormessage -->
        <test-method is-config="true" signature="tearDownAfterTestMethod()[pri:0, instance:com.salesforce.automation.SalesforceContact_Testcases@62dae245]" started-at="2024-02-20T23:40:32 PST" name="tearDownAfterTestMethod" finished-at="2024-02-20T23:40:32 PST" duration-ms="181" status="PASS">
          <reporter-output>
          </reporter-output>
        </test-method> <!-- tearDownAfterTestMethod -->
      </class> <!-- com.salesforce.automation.SalesforceContact_Testcases -->
    </test> <!-- Test_Contacts> -->
    <test started-at="2024-02-20T23:40:32 PST" name="Test_UserMenu&gt;" finished-at="2024-02-20T23:42:08 PST" duration-ms="96223">
      <class name="com.salesforce.automation.SalesforceUserMenu_Testcases">
        <test-method is-config="true" signature="setUpBeforeMethod(java.lang.String)[pri:0, instance:com.salesforce.automation.SalesforceUserMenu_Testcases@493dfb8e]" started-at="2024-02-20T23:40:32 PST" name="setUpBeforeMethod" finished-at="2024-02-20T23:40:34 PST" duration-ms="1763" status="PASS">
          <params>
            <param index="0">
              <value>
                <![CDATA[chrome]]>
              </value>
            </param>
          </params>
          <reporter-output>
          </reporter-output>
        </test-method> <!-- setUpBeforeMethod -->
        <test-method signature="MyProfile()[pri:0, instance:com.salesforce.automation.SalesforceUserMenu_Testcases@493dfb8e]" started-at="2024-02-20T23:40:34 PST" name="MyProfile" finished-at="2024-02-20T23:41:09 PST" duration-ms="34783" status="FAIL">
          <exception class="org.openqa.selenium.ElementClickInterceptedException">
            <message>
              <![CDATA[element click intercepted: Element <a href="javascript: void(0);" onclick="whatToDoNext.uploadPhoto();">...</a> is not clickable at point (74, 402). Other element would receive the click: <div class="overlayBackground" style="width: 10000px; height: 20000px; display: block;"></div>
  (Session info: chrome=121.0.6167.184)
Build info: version: '3.141.59', revision: 'e82be7d358', time: '2018-11-14T08:17:03'
System info: host: 'Nitins-MacBook-Pro.local', ip: '2601:646:8084:4d20:c5c3:1481:ce7f:a1ad%en0', os.name: 'Mac OS X', os.arch: 'x86_64', os.version: '10.16', java.version: '15.0.1'
Driver info: org.openqa.selenium.chrome.ChromeDriver
Capabilities {acceptInsecureCerts: false, browserName: chrome, browserVersion: 121.0.6167.184, chrome: {chromedriverVersion: 121.0.6167.184 (057a8ae7deb..., userDataDir: /var/folders/gx/qjsbcn6d6d3...}, fedcm:accounts: true, goog:chromeOptions: {debuggerAddress: localhost:49608}, javascriptEnabled: true, networkConnectionEnabled: false, pageLoadStrategy: normal, platform: MAC, platformName: MAC, proxy: Proxy(), setWindowRect: true, strictFileInteractability: false, timeouts: {implicit: 0, pageLoad: 300000, script: 30000}, unhandledPromptBehavior: dismiss and notify, webauthn:extension:credBlob: true, webauthn:extension:largeBlob: true, webauthn:extension:minPinLength: true, webauthn:extension:prf: true, webauthn:virtualAuthenticators: true}
Session ID: 218c4665e2f374c2922de33a7ec96880]]>
            </message>
            <full-stacktrace>
              <![CDATA[org.openqa.selenium.ElementClickInterceptedException: element click intercepted: Element <a href="javascript: void(0);" onclick="whatToDoNext.uploadPhoto();">...</a> is not clickable at point (74, 402). Other element would receive the click: <div class="overlayBackground" style="width: 10000px; height: 20000px; display: block;"></div>
  (Session info: chrome=121.0.6167.184)
Build info: version: '3.141.59', revision: 'e82be7d358', time: '2018-11-14T08:17:03'
System info: host: 'Nitins-MacBook-Pro.local', ip: '2601:646:8084:4d20:c5c3:1481:ce7f:a1ad%en0', os.name: 'Mac OS X', os.arch: 'x86_64', os.version: '10.16', java.version: '15.0.1'
Driver info: org.openqa.selenium.chrome.ChromeDriver
Capabilities {acceptInsecureCerts: false, browserName: chrome, browserVersion: 121.0.6167.184, chrome: {chromedriverVersion: 121.0.6167.184 (057a8ae7deb..., userDataDir: /var/folders/gx/qjsbcn6d6d3...}, fedcm:accounts: true, goog:chromeOptions: {debuggerAddress: localhost:49608}, javascriptEnabled: true, networkConnectionEnabled: false, pageLoadStrategy: normal, platform: MAC, platformName: MAC, proxy: Proxy(), setWindowRect: true, strictFileInteractability: false, timeouts: {implicit: 0, pageLoad: 300000, script: 30000}, unhandledPromptBehavior: dismiss and notify, webauthn:extension:credBlob: true, webauthn:extension:largeBlob: true, webauthn:extension:minPinLength: true, webauthn:extension:prf: true, webauthn:virtualAuthenticators: true}
Session ID: 218c4665e2f374c2922de33a7ec96880
at java.base/jdk.internal.reflect.NativeConstructorAccessorImpl.newInstance0(Native Method)
at java.base/jdk.internal.reflect.NativeConstructorAccessorImpl.newInstance(NativeConstructorAccessorImpl.java:64)
at java.base/jdk.internal.reflect.DelegatingConstructorAccessorImpl.newInstance(DelegatingConstructorAccessorImpl.java:45)
at java.base/java.lang.reflect.Constructor.newInstanceWithCaller(Constructor.java:500)
at java.base/java.lang.reflect.Constructor.newInstance(Constructor.java:481)
at org.openqa.selenium.remote.http.W3CHttpResponseCodec.createException(W3CHttpResponseCodec.java:187)
at org.openqa.selenium.remote.http.W3CHttpResponseCodec.decode(W3CHttpResponseCodec.java:122)
at org.openqa.selenium.remote.http.W3CHttpResponseCodec.decode(W3CHttpResponseCodec.java:49)
at org.openqa.selenium.remote.HttpCommandExecutor.execute(HttpCommandExecutor.java:158)
at org.openqa.selenium.remote.service.DriverCommandExecutor.execute(DriverCommandExecutor.java:83)
at org.openqa.selenium.remote.RemoteWebDriver.execute(RemoteWebDriver.java:552)
at org.openqa.selenium.remote.RemoteWebElement.execute(RemoteWebElement.java:285)
at org.openqa.selenium.remote.RemoteWebElement.click(RemoteWebElement.java:84)
at com.salesforce.base.BaseClass.clickbuttonAndAssert(BaseClass.java:212)
at com.salesforce.automation.SalesforceUserMenu_Testcases.MyProfile(SalesforceUserMenu_Testcases.java:302)
at java.base/jdk.internal.reflect.NativeMethodAccessorImpl.invoke0(Native Method)
at java.base/jdk.internal.reflect.NativeMethodAccessorImpl.invoke(NativeMethodAccessorImpl.java:64)
at java.base/jdk.internal.reflect.DelegatingMethodAccessorImpl.invoke(DelegatingMethodAccessorImpl.java:43)
at java.base/java.lang.reflect.Method.invoke(Method.java:564)
at org.testng.internal.invokers.MethodInvocationHelper.invokeMethod(MethodInvocationHelper.java:139)
at org.testng.internal.invokers.TestInvoker.invokeMethod(TestInvoker.java:677)
at org.testng.internal.invokers.TestInvoker.invokeTestMethod(TestInvoker.java:221)
at org.testng.internal.invokers.MethodRunner.runInSequence(MethodRunner.java:50)
at org.testng.internal.invokers.TestInvoker$MethodInvocationAgent.invoke(TestInvoker.java:969)
at org.testng.internal.invokers.TestInvoker.invokeTestMethods(TestInvoker.java:194)
at org.testng.internal.invokers.TestMethodWorker.invokeTestMethods(TestMethodWorker.java:148)
at org.testng.internal.invokers.TestMethodWorker.run(TestMethodWorker.java:128)
at java.base/java.util.ArrayList.forEach(ArrayList.java:1511)
at org.testng.TestRunner.privateRun(TestRunner.java:829)
at org.testng.TestRunner.run(TestRunner.java:602)
at org.testng.SuiteRunner.runTest(SuiteRunner.java:437)
at org.testng.SuiteRunner.runSequentially(SuiteRunner.java:431)
at org.testng.SuiteRunner.privateRun(SuiteRunner.java:391)
at org.testng.SuiteRunner.run(SuiteRunner.java:330)
at org.testng.SuiteRunnerWorker.runSuite(SuiteRunnerWorker.java:52)
at org.testng.SuiteRunnerWorker.run(SuiteRunnerWorker.java:95)
at org.testng.TestNG.runSuitesSequentially(TestNG.java:1256)
at org.testng.TestNG.runSuitesLocally(TestNG.java:1176)
at org.testng.TestNG.runSuites(TestNG.java:1099)
at org.testng.TestNG.run(TestNG.java:1067)
at org.testng.remote.AbstractRemoteTestNG.run(AbstractRemoteTestNG.java:115)
at org.testng.remote.RemoteTestNG.initAndRun(RemoteTestNG.java:251)
at org.testng.remote.RemoteTestNG.main(RemoteTestNG.java:77)
]]>
            </full-stacktrace>
          </exception> <!-- org.openqa.selenium.ElementClickInterceptedException -->
          <reporter-output>
          </reporter-output>
        </test-method> <!-- MyProfile -->
        <test-method is-config="true" signature="tearDownAfterTestMethod()[pri:0, instance:com.salesforce.automation.SalesforceUserMenu_Testcases@493dfb8e]" started-at="2024-02-20T23:41:09 PST" name="tearDownAfterTestMethod" finished-at="2024-02-20T23:41:09 PST" duration-ms="105" status="PASS">
          <reporter-output>
          </reporter-output>
        </test-method> <!-- tearDownAfterTestMethod -->
        <test-method is-config="true" signature="setUpBeforeMethod(java.lang.String)[pri:0, instance:com.salesforce.automation.SalesforceUserMenu_Testcases@493dfb8e]" started-at="2024-02-20T23:41:09 PST" name="setUpBeforeMethod" finished-at="2024-02-20T23:41:11 PST" duration-ms="2226" status="PASS">
          <params>
            <param index="0">
              <value>
                <![CDATA[chrome]]>
              </value>
            </param>
          </params>
          <reporter-output>
          </reporter-output>
        </test-method> <!-- setUpBeforeMethod -->
        <test-method signature="developerConsole()[pri:0, instance:com.salesforce.automation.SalesforceUserMenu_Testcases@493dfb8e]" started-at="2024-02-20T23:41:11 PST" name="developerConsole" finished-at="2024-02-20T23:41:24 PST" duration-ms="12307" status="PASS">
          <reporter-output>
          </reporter-output>
        </test-method> <!-- developerConsole -->
        <test-method is-config="true" signature="tearDownAfterTestMethod()[pri:0, instance:com.salesforce.automation.SalesforceUserMenu_Testcases@493dfb8e]" started-at="2024-02-20T23:41:24 PST" name="tearDownAfterTestMethod" finished-at="2024-02-20T23:41:24 PST" duration-ms="122" status="PASS">
          <reporter-output>
          </reporter-output>
        </test-method> <!-- tearDownAfterTestMethod -->
        <test-method is-config="true" signature="setUpBeforeMethod(java.lang.String)[pri:0, instance:com.salesforce.automation.SalesforceUserMenu_Testcases@493dfb8e]" started-at="2024-02-20T23:41:24 PST" name="setUpBeforeMethod" finished-at="2024-02-20T23:41:26 PST" duration-ms="1700" status="PASS">
          <params>
            <param index="0">
              <value>
                <![CDATA[chrome]]>
              </value>
            </param>
          </params>
          <reporter-output>
          </reporter-output>
        </test-method> <!-- setUpBeforeMethod -->
        <test-method signature="logoutOption()[pri:0, instance:com.salesforce.automation.SalesforceUserMenu_Testcases@493dfb8e]" started-at="2024-02-20T23:41:26 PST" name="logoutOption" finished-at="2024-02-20T23:41:34 PST" duration-ms="8253" status="PASS">
          <reporter-output>
          </reporter-output>
        </test-method> <!-- logoutOption -->
        <test-method is-config="true" signature="tearDownAfterTestMethod()[pri:0, instance:com.salesforce.automation.SalesforceUserMenu_Testcases@493dfb8e]" started-at="2024-02-20T23:41:34 PST" name="tearDownAfterTestMethod" finished-at="2024-02-20T23:41:34 PST" duration-ms="156" status="PASS">
          <reporter-output>
          </reporter-output>
        </test-method> <!-- tearDownAfterTestMethod -->
        <test-method is-config="true" signature="setUpBeforeMethod(java.lang.String)[pri:0, instance:com.salesforce.automation.SalesforceUserMenu_Testcases@493dfb8e]" started-at="2024-02-20T23:41:34 PST" name="setUpBeforeMethod" finished-at="2024-02-20T23:41:36 PST" duration-ms="1734" status="PASS">
          <params>
            <param index="0">
              <value>
                <![CDATA[chrome]]>
              </value>
            </param>
          </params>
          <reporter-output>
          </reporter-output>
        </test-method> <!-- setUpBeforeMethod -->
        <test-method signature="mySettingOption()[pri:0, instance:com.salesforce.automation.SalesforceUserMenu_Testcases@493dfb8e]" started-at="2024-02-20T23:41:36 PST" name="mySettingOption" finished-at="2024-02-20T23:41:56 PST" duration-ms="20506" status="PASS">
          <reporter-output>
          </reporter-output>
        </test-method> <!-- mySettingOption -->
        <test-method is-config="true" signature="tearDownAfterTestMethod()[pri:0, instance:com.salesforce.automation.SalesforceUserMenu_Testcases@493dfb8e]" started-at="2024-02-20T23:41:56 PST" name="tearDownAfterTestMethod" finished-at="2024-02-20T23:41:56 PST" duration-ms="59" status="PASS">
          <reporter-output>
          </reporter-output>
        </test-method> <!-- tearDownAfterTestMethod -->
        <test-method is-config="true" signature="setUpBeforeMethod(java.lang.String)[pri:0, instance:com.salesforce.automation.SalesforceUserMenu_Testcases@493dfb8e]" started-at="2024-02-20T23:41:56 PST" name="setUpBeforeMethod" finished-at="2024-02-20T23:41:58 PST" duration-ms="1840" status="PASS">
          <params>
            <param index="0">
              <value>
                <![CDATA[chrome]]>
              </value>
            </param>
          </params>
          <reporter-output>
          </reporter-output>
        </test-method> <!-- setUpBeforeMethod -->
        <test-method signature="verifySelectuserMenu()[pri:0, instance:com.salesforce.automation.SalesforceUserMenu_Testcases@493dfb8e]" started-at="2024-02-20T23:41:58 PST" name="verifySelectuserMenu" finished-at="2024-02-20T23:42:08 PST" duration-ms="10205" status="PASS">
          <reporter-output>
          </reporter-output>
        </test-method> <!-- verifySelectuserMenu -->
        <test-method is-config="true" signature="tearDownAfterTestMethod()[pri:0, instance:com.salesforce.automation.SalesforceUserMenu_Testcases@493dfb8e]" started-at="2024-02-20T23:42:08 PST" name="tearDownAfterTestMethod" finished-at="2024-02-20T23:42:08 PST" duration-ms="145" status="PASS">
          <reporter-output>
          </reporter-output>
        </test-method> <!-- tearDownAfterTestMethod -->
      </class> <!-- com.salesforce.automation.SalesforceUserMenu_Testcases -->
    </test> <!-- Test_UserMenu> -->
    <test started-at="2024-02-20T23:42:08 PST" name="Test_RandomScenarios" finished-at="2024-02-20T23:43:52 PST" duration-ms="103663">
      <class name="com.salesforce.automation.SalesforceRandomScenarios_Testcases">
        <test-method is-config="true" signature="setUpBeforeMethod(java.lang.String)[pri:0, instance:com.salesforce.automation.SalesforceRandomScenarios_Testcases@361c294e]" started-at="2024-02-20T23:42:08 PST" name="setUpBeforeMethod" finished-at="2024-02-20T23:42:10 PST" duration-ms="1836" status="PASS">
          <params>
            <param index="0">
              <value>
                <![CDATA[chrome]]>
              </value>
            </param>
          </params>
          <reporter-output>
          </reporter-output>
        </test-method> <!-- setUpBeforeMethod -->
        <test-method signature="blockingAnEventCalender()[pri:0, instance:com.salesforce.automation.SalesforceRandomScenarios_Testcases@361c294e]" started-at="2024-02-20T23:42:10 PST" name="blockingAnEventCalender" finished-at="2024-02-20T23:42:32 PST" duration-ms="21903" status="PASS">
          <reporter-output>
          </reporter-output>
        </test-method> <!-- blockingAnEventCalender -->
        <test-method is-config="true" signature="tearDownAfterTestMethod()[pri:0, instance:com.salesforce.automation.SalesforceRandomScenarios_Testcases@361c294e]" started-at="2024-02-20T23:42:32 PST" name="tearDownAfterTestMethod" finished-at="2024-02-20T23:42:32 PST" duration-ms="148" status="PASS">
          <reporter-output>
          </reporter-output>
        </test-method> <!-- tearDownAfterTestMethod -->
        <test-method is-config="true" signature="setUpBeforeMethod(java.lang.String)[pri:0, instance:com.salesforce.automation.SalesforceRandomScenarios_Testcases@361c294e]" started-at="2024-02-20T23:42:32 PST" name="setUpBeforeMethod" finished-at="2024-02-20T23:42:34 PST" duration-ms="1729" status="PASS">
          <params>
            <param index="0">
              <value>
                <![CDATA[chrome]]>
              </value>
            </param>
          </params>
          <reporter-output>
          </reporter-output>
        </test-method> <!-- setUpBeforeMethod -->
        <test-method signature="verifyAccountHolder()[pri:0, instance:com.salesforce.automation.SalesforceRandomScenarios_Testcases@361c294e]" started-at="2024-02-20T23:42:34 PST" name="verifyAccountHolder" finished-at="2024-02-20T23:42:41 PST" duration-ms="6531" status="FAIL">
          <exception class="java.lang.AssertionError">
            <message>
              <![CDATA[expected [Home Page ~ Salesforce - Developer Edition] but found []]]>
            </message>
            <full-stacktrace>
              <![CDATA[java.lang.AssertionError: expected [Home Page ~ Salesforce - Developer Edition] but found []
at org.testng.Assert.fail(Assert.java:110)
at org.testng.Assert.failNotEquals(Assert.java:1577)
at org.testng.Assert.assertEqualsImpl(Assert.java:149)
at org.testng.Assert.assertEquals(Assert.java:131)
at org.testng.Assert.assertEquals(Assert.java:655)
at org.testng.Assert.assertEquals(Assert.java:665)
at com.salesforce.base.BaseClass.assertTitle(BaseClass.java:256)
at com.salesforce.automation.SalesforceRandomScenarios_Testcases.verifyAccountHolder(SalesforceRandomScenarios_Testcases.java:42)
at java.base/jdk.internal.reflect.NativeMethodAccessorImpl.invoke0(Native Method)
at java.base/jdk.internal.reflect.NativeMethodAccessorImpl.invoke(NativeMethodAccessorImpl.java:64)
at java.base/jdk.internal.reflect.DelegatingMethodAccessorImpl.invoke(DelegatingMethodAccessorImpl.java:43)
at java.base/java.lang.reflect.Method.invoke(Method.java:564)
at org.testng.internal.invokers.MethodInvocationHelper.invokeMethod(MethodInvocationHelper.java:139)
at org.testng.internal.invokers.TestInvoker.invokeMethod(TestInvoker.java:677)
at org.testng.internal.invokers.TestInvoker.invokeTestMethod(TestInvoker.java:221)
at org.testng.internal.invokers.MethodRunner.runInSequence(MethodRunner.java:50)
at org.testng.internal.invokers.TestInvoker$MethodInvocationAgent.invoke(TestInvoker.java:969)
at org.testng.internal.invokers.TestInvoker.invokeTestMethods(TestInvoker.java:194)
at org.testng.internal.invokers.TestMethodWorker.invokeTestMethods(TestMethodWorker.java:148)
at org.testng.internal.invokers.TestMethodWorker.run(TestMethodWorker.java:128)
at java.base/java.util.ArrayList.forEach(ArrayList.java:1511)
at org.testng.TestRunner.privateRun(TestRunner.java:829)
at org.testng.TestRunner.run(TestRunner.java:602)
at org.testng.SuiteRunner.runTest(SuiteRunner.java:437)
at org.testng.SuiteRunner.runSequentially(SuiteRunner.java:431)
at org.testng.SuiteRunner.privateRun(SuiteRunner.java:391)
at org.testng.SuiteRunner.run(SuiteRunner.java:330)
at org.testng.SuiteRunnerWorker.runSuite(SuiteRunnerWorker.java:52)
at org.testng.SuiteRunnerWorker.run(SuiteRunnerWorker.java:95)
at org.testng.TestNG.runSuitesSequentially(TestNG.java:1256)
at org.testng.TestNG.runSuitesLocally(TestNG.java:1176)
at org.testng.TestNG.runSuites(TestNG.java:1099)
at org.testng.TestNG.run(TestNG.java:1067)
at org.testng.remote.AbstractRemoteTestNG.run(AbstractRemoteTestNG.java:115)
at org.testng.remote.RemoteTestNG.initAndRun(RemoteTestNG.java:251)
at org.testng.remote.RemoteTestNG.main(RemoteTestNG.java:77)
]]>
            </full-stacktrace>
          </exception> <!-- java.lang.AssertionError -->
          <reporter-output>
          </reporter-output>
        </test-method> <!-- verifyAccountHolder -->
        <test-method is-config="true" signature="tearDownAfterTestMethod()[pri:0, instance:com.salesforce.automation.SalesforceRandomScenarios_Testcases@361c294e]" started-at="2024-02-20T23:42:41 PST" name="tearDownAfterTestMethod" finished-at="2024-02-20T23:42:41 PST" duration-ms="120" status="PASS">
          <reporter-output>
          </reporter-output>
        </test-method> <!-- tearDownAfterTestMethod -->
        <test-method is-config="true" signature="setUpBeforeMethod(java.lang.String)[pri:0, instance:com.salesforce.automation.SalesforceRandomScenarios_Testcases@361c294e]" started-at="2024-02-20T23:42:41 PST" name="setUpBeforeMethod" finished-at="2024-02-20T23:42:43 PST" duration-ms="1936" status="PASS">
          <params>
            <param index="0">
              <value>
                <![CDATA[chrome]]>
              </value>
            </param>
          </params>
          <reporter-output>
          </reporter-output>
        </test-method> <!-- setUpBeforeMethod -->
        <test-method signature="verifylastnameEdit_Variousplace()[pri:0, instance:com.salesforce.automation.SalesforceRandomScenarios_Testcases@361c294e]" started-at="2024-02-20T23:42:43 PST" name="verifylastnameEdit_Variousplace" finished-at="2024-02-20T23:42:57 PST" duration-ms="13721" status="PASS">
          <reporter-output>
          </reporter-output>
        </test-method> <!-- verifylastnameEdit_Variousplace -->
        <test-method is-config="true" signature="tearDownAfterTestMethod()[pri:0, instance:com.salesforce.automation.SalesforceRandomScenarios_Testcases@361c294e]" started-at="2024-02-20T23:42:57 PST" name="tearDownAfterTestMethod" finished-at="2024-02-20T23:42:57 PST" duration-ms="168" status="PASS">
          <reporter-output>
          </reporter-output>
        </test-method> <!-- tearDownAfterTestMethod -->
        <test-method is-config="true" signature="setUpBeforeMethod(java.lang.String)[pri:0, instance:com.salesforce.automation.SalesforceRandomScenarios_Testcases@361c294e]" started-at="2024-02-20T23:42:57 PST" name="setUpBeforeMethod" finished-at="2024-02-20T23:42:59 PST" duration-ms="1888" status="PASS">
          <params>
            <param index="0">
              <value>
                <![CDATA[chrome]]>
              </value>
            </param>
          </params>
          <reporter-output>
          </reporter-output>
        </test-method> <!-- setUpBeforeMethod -->
        <test-method signature="verifytabcustomization()[pri:0, instance:com.salesforce.automation.SalesforceRandomScenarios_Testcases@361c294e]" started-at="2024-02-20T23:42:59 PST" name="verifytabcustomization" finished-at="2024-02-20T23:43:08 PST" duration-ms="8674" status="FAIL">
          <exception class="org.openqa.selenium.NoSuchElementException">
            <message>
              <![CDATA[no such element: Unable to locate element: {"method":"css selector","selector":"#duel_select_1"}
  (Session info: chrome=121.0.6167.184)
For documentation on this error, please visit: https://www.seleniumhq.org/exceptions/no_such_element.html
Build info: version: '3.141.59', revision: 'e82be7d358', time: '2018-11-14T08:17:03'
System info: host: 'Nitins-MacBook-Pro.local', ip: '2601:646:8084:4d20:c5c3:1481:ce7f:a1ad%en0', os.name: 'Mac OS X', os.arch: 'x86_64', os.version: '10.16', java.version: '15.0.1'
Driver info: org.openqa.selenium.chrome.ChromeDriver
Capabilities {acceptInsecureCerts: false, browserName: chrome, browserVersion: 121.0.6167.184, chrome: {chromedriverVersion: 121.0.6167.184 (057a8ae7deb..., userDataDir: /var/folders/gx/qjsbcn6d6d3...}, fedcm:accounts: true, goog:chromeOptions: {debuggerAddress: localhost:50593}, javascriptEnabled: true, networkConnectionEnabled: false, pageLoadStrategy: normal, platform: MAC, platformName: MAC, proxy: Proxy(), setWindowRect: true, strictFileInteractability: false, timeouts: {implicit: 0, pageLoad: 300000, script: 30000}, unhandledPromptBehavior: dismiss and notify, webauthn:extension:credBlob: true, webauthn:extension:largeBlob: true, webauthn:extension:minPinLength: true, webauthn:extension:prf: true, webauthn:virtualAuthenticators: true}
Session ID: 848863d601c499aa9208cb4f52f47e21
*** Element info: {Using=id, value=duel_select_1}]]>
            </message>
            <full-stacktrace>
              <![CDATA[org.openqa.selenium.NoSuchElementException: no such element: Unable to locate element: {"method":"css selector","selector":"#duel_select_1"}
  (Session info: chrome=121.0.6167.184)
For documentation on this error, please visit: https://www.seleniumhq.org/exceptions/no_such_element.html
Build info: version: '3.141.59', revision: 'e82be7d358', time: '2018-11-14T08:17:03'
System info: host: 'Nitins-MacBook-Pro.local', ip: '2601:646:8084:4d20:c5c3:1481:ce7f:a1ad%en0', os.name: 'Mac OS X', os.arch: 'x86_64', os.version: '10.16', java.version: '15.0.1'
Driver info: org.openqa.selenium.chrome.ChromeDriver
Capabilities {acceptInsecureCerts: false, browserName: chrome, browserVersion: 121.0.6167.184, chrome: {chromedriverVersion: 121.0.6167.184 (057a8ae7deb..., userDataDir: /var/folders/gx/qjsbcn6d6d3...}, fedcm:accounts: true, goog:chromeOptions: {debuggerAddress: localhost:50593}, javascriptEnabled: true, networkConnectionEnabled: false, pageLoadStrategy: normal, platform: MAC, platformName: MAC, proxy: Proxy(), setWindowRect: true, strictFileInteractability: false, timeouts: {implicit: 0, pageLoad: 300000, script: 30000}, unhandledPromptBehavior: dismiss and notify, webauthn:extension:credBlob: true, webauthn:extension:largeBlob: true, webauthn:extension:minPinLength: true, webauthn:extension:prf: true, webauthn:virtualAuthenticators: true}
Session ID: 848863d601c499aa9208cb4f52f47e21
*** Element info: {Using=id, value=duel_select_1}
at java.base/jdk.internal.reflect.NativeConstructorAccessorImpl.newInstance0(Native Method)
at java.base/jdk.internal.reflect.NativeConstructorAccessorImpl.newInstance(NativeConstructorAccessorImpl.java:64)
at java.base/jdk.internal.reflect.DelegatingConstructorAccessorImpl.newInstance(DelegatingConstructorAccessorImpl.java:45)
at java.base/java.lang.reflect.Constructor.newInstanceWithCaller(Constructor.java:500)
at java.base/java.lang.reflect.Constructor.newInstance(Constructor.java:481)
at org.openqa.selenium.remote.http.W3CHttpResponseCodec.createException(W3CHttpResponseCodec.java:187)
at org.openqa.selenium.remote.http.W3CHttpResponseCodec.decode(W3CHttpResponseCodec.java:122)
at org.openqa.selenium.remote.http.W3CHttpResponseCodec.decode(W3CHttpResponseCodec.java:49)
at org.openqa.selenium.remote.HttpCommandExecutor.execute(HttpCommandExecutor.java:158)
at org.openqa.selenium.remote.service.DriverCommandExecutor.execute(DriverCommandExecutor.java:83)
at org.openqa.selenium.remote.RemoteWebDriver.execute(RemoteWebDriver.java:552)
at org.openqa.selenium.remote.RemoteWebDriver.findElement(RemoteWebDriver.java:323)
at org.openqa.selenium.remote.RemoteWebDriver.findElementById(RemoteWebDriver.java:372)
at org.openqa.selenium.By$ById.findElement(By.java:188)
at org.openqa.selenium.remote.RemoteWebDriver.findElement(RemoteWebDriver.java:315)
at com.salesforce.automation.SalesforceRandomScenarios_Testcases.verifytabcustomization(SalesforceRandomScenarios_Testcases.java:251)
at java.base/jdk.internal.reflect.NativeMethodAccessorImpl.invoke0(Native Method)
at java.base/jdk.internal.reflect.NativeMethodAccessorImpl.invoke(NativeMethodAccessorImpl.java:64)
at java.base/jdk.internal.reflect.DelegatingMethodAccessorImpl.invoke(DelegatingMethodAccessorImpl.java:43)
at java.base/java.lang.reflect.Method.invoke(Method.java:564)
at org.testng.internal.invokers.MethodInvocationHelper.invokeMethod(MethodInvocationHelper.java:139)
at org.testng.internal.invokers.TestInvoker.invokeMethod(TestInvoker.java:677)
at org.testng.internal.invokers.TestInvoker.invokeTestMethod(TestInvoker.java:221)
at org.testng.internal.invokers.MethodRunner.runInSequence(MethodRunner.java:50)
at org.testng.internal.invokers.TestInvoker$MethodInvocationAgent.invoke(TestInvoker.java:969)
at org.testng.internal.invokers.TestInvoker.invokeTestMethods(TestInvoker.java:194)
at org.testng.internal.invokers.TestMethodWorker.invokeTestMethods(TestMethodWorker.java:148)
at org.testng.internal.invokers.TestMethodWorker.run(TestMethodWorker.java:128)
at java.base/java.util.ArrayList.forEach(ArrayList.java:1511)
at org.testng.TestRunner.privateRun(TestRunner.java:829)
at org.testng.TestRunner.run(TestRunner.java:602)
at org.testng.SuiteRunner.runTest(SuiteRunner.java:437)
at org.testng.SuiteRunner.runSequentially(SuiteRunner.java:431)
at org.testng.SuiteRunner.privateRun(SuiteRunner.java:391)
at org.testng.SuiteRunner.run(SuiteRunner.java:330)
at org.testng.SuiteRunnerWorker.runSuite(SuiteRunnerWorker.java:52)
at org.testng.SuiteRunnerWorker.run(SuiteRunnerWorker.java:95)
at org.testng.TestNG.runSuitesSequentially(TestNG.java:1256)
at org.testng.TestNG.runSuitesLocally(TestNG.java:1176)
at org.testng.TestNG.runSuites(TestNG.java:1099)
at org.testng.TestNG.run(TestNG.java:1067)
at org.testng.remote.AbstractRemoteTestNG.run(AbstractRemoteTestNG.java:115)
at org.testng.remote.RemoteTestNG.initAndRun(RemoteTestNG.java:251)
at org.testng.remote.RemoteTestNG.main(RemoteTestNG.java:77)
]]>
            </full-stacktrace>
          </exception> <!-- org.openqa.selenium.NoSuchElementException -->
          <reporter-output>
          </reporter-output>
        </test-method> <!-- verifytabcustomization -->
        <test-method is-config="true" signature="tearDownAfterTestMethod()[pri:0, instance:com.salesforce.automation.SalesforceRandomScenarios_Testcases@361c294e]" started-at="2024-02-20T23:43:08 PST" name="tearDownAfterTestMethod" finished-at="2024-02-20T23:43:08 PST" duration-ms="133" status="PASS">
          <reporter-output>
          </reporter-output>
        </test-method> <!-- tearDownAfterTestMethod -->
        <test-method is-config="true" signature="setUpBeforeMethod(java.lang.String)[pri:0, instance:com.salesforce.automation.SalesforceRandomScenarios_Testcases@361c294e]" started-at="2024-02-20T23:43:08 PST" name="setUpBeforeMethod" finished-at="2024-02-20T23:43:10 PST" duration-ms="2115" status="PASS">
          <params>
            <param index="0">
              <value>
                <![CDATA[chrome]]>
              </value>
            </param>
          </params>
          <reporter-output>
          </reporter-output>
        </test-method> <!-- setUpBeforeMethod -->
        <test-method signature="weeklyrecurranceCalender()[pri:0, instance:com.salesforce.automation.SalesforceRandomScenarios_Testcases@361c294e]" started-at="2024-02-20T23:43:10 PST" name="weeklyrecurranceCalender" finished-at="2024-02-20T23:43:52 PST" duration-ms="41402" status="FAIL">
          <exception class="org.openqa.selenium.NoSuchElementException">
            <message>
              <![CDATA[no such element: Unable to locate element: {"method":"css selector","selector":".monthViewIcon"}
  (Session info: chrome=121.0.6167.184)
For documentation on this error, please visit: https://www.seleniumhq.org/exceptions/no_such_element.html
Build info: version: '3.141.59', revision: 'e82be7d358', time: '2018-11-14T08:17:03'
System info: host: 'Nitins-MacBook-Pro.local', ip: '2601:646:8084:4d20:c5c3:1481:ce7f:a1ad%en0', os.name: 'Mac OS X', os.arch: 'x86_64', os.version: '10.16', java.version: '15.0.1'
Driver info: org.openqa.selenium.chrome.ChromeDriver
Capabilities {acceptInsecureCerts: false, browserName: chrome, browserVersion: 121.0.6167.184, chrome: {chromedriverVersion: 121.0.6167.184 (057a8ae7deb..., userDataDir: /var/folders/gx/qjsbcn6d6d3...}, fedcm:accounts: true, goog:chromeOptions: {debuggerAddress: localhost:50684}, javascriptEnabled: true, networkConnectionEnabled: false, pageLoadStrategy: normal, platform: MAC, platformName: MAC, proxy: Proxy(), setWindowRect: true, strictFileInteractability: false, timeouts: {implicit: 0, pageLoad: 300000, script: 30000}, unhandledPromptBehavior: dismiss and notify, webauthn:extension:credBlob: true, webauthn:extension:largeBlob: true, webauthn:extension:minPinLength: true, webauthn:extension:prf: true, webauthn:virtualAuthenticators: true}
Session ID: 3b4938ea213fb466b1df9718089d321e
*** Element info: {Using=class name, value=monthViewIcon}]]>
            </message>
            <full-stacktrace>
              <![CDATA[org.openqa.selenium.NoSuchElementException: no such element: Unable to locate element: {"method":"css selector","selector":".monthViewIcon"}
  (Session info: chrome=121.0.6167.184)
For documentation on this error, please visit: https://www.seleniumhq.org/exceptions/no_such_element.html
Build info: version: '3.141.59', revision: 'e82be7d358', time: '2018-11-14T08:17:03'
System info: host: 'Nitins-MacBook-Pro.local', ip: '2601:646:8084:4d20:c5c3:1481:ce7f:a1ad%en0', os.name: 'Mac OS X', os.arch: 'x86_64', os.version: '10.16', java.version: '15.0.1'
Driver info: org.openqa.selenium.chrome.ChromeDriver
Capabilities {acceptInsecureCerts: false, browserName: chrome, browserVersion: 121.0.6167.184, chrome: {chromedriverVersion: 121.0.6167.184 (057a8ae7deb..., userDataDir: /var/folders/gx/qjsbcn6d6d3...}, fedcm:accounts: true, goog:chromeOptions: {debuggerAddress: localhost:50684}, javascriptEnabled: true, networkConnectionEnabled: false, pageLoadStrategy: normal, platform: MAC, platformName: MAC, proxy: Proxy(), setWindowRect: true, strictFileInteractability: false, timeouts: {implicit: 0, pageLoad: 300000, script: 30000}, unhandledPromptBehavior: dismiss and notify, webauthn:extension:credBlob: true, webauthn:extension:largeBlob: true, webauthn:extension:minPinLength: true, webauthn:extension:prf: true, webauthn:virtualAuthenticators: true}
Session ID: 3b4938ea213fb466b1df9718089d321e
*** Element info: {Using=class name, value=monthViewIcon}
at java.base/jdk.internal.reflect.NativeConstructorAccessorImpl.newInstance0(Native Method)
at java.base/jdk.internal.reflect.NativeConstructorAccessorImpl.newInstance(NativeConstructorAccessorImpl.java:64)
at java.base/jdk.internal.reflect.DelegatingConstructorAccessorImpl.newInstance(DelegatingConstructorAccessorImpl.java:45)
at java.base/java.lang.reflect.Constructor.newInstanceWithCaller(Constructor.java:500)
at java.base/java.lang.reflect.Constructor.newInstance(Constructor.java:481)
at org.openqa.selenium.remote.http.W3CHttpResponseCodec.createException(W3CHttpResponseCodec.java:187)
at org.openqa.selenium.remote.http.W3CHttpResponseCodec.decode(W3CHttpResponseCodec.java:122)
at org.openqa.selenium.remote.http.W3CHttpResponseCodec.decode(W3CHttpResponseCodec.java:49)
at org.openqa.selenium.remote.HttpCommandExecutor.execute(HttpCommandExecutor.java:158)
at org.openqa.selenium.remote.service.DriverCommandExecutor.execute(DriverCommandExecutor.java:83)
at org.openqa.selenium.remote.RemoteWebDriver.execute(RemoteWebDriver.java:552)
at org.openqa.selenium.remote.RemoteWebDriver.findElement(RemoteWebDriver.java:323)
at org.openqa.selenium.remote.RemoteWebDriver.findElementByClassName(RemoteWebDriver.java:412)
at org.openqa.selenium.By$ByClassName.findElement(By.java:389)
at org.openqa.selenium.remote.RemoteWebDriver.findElement(RemoteWebDriver.java:315)
at com.salesforce.automation.SalesforceRandomScenarios_Testcases.weeklyrecurranceCalender(SalesforceRandomScenarios_Testcases.java:671)
at java.base/jdk.internal.reflect.NativeMethodAccessorImpl.invoke0(Native Method)
at java.base/jdk.internal.reflect.NativeMethodAccessorImpl.invoke(NativeMethodAccessorImpl.java:64)
at java.base/jdk.internal.reflect.DelegatingMethodAccessorImpl.invoke(DelegatingMethodAccessorImpl.java:43)
at java.base/java.lang.reflect.Method.invoke(Method.java:564)
at org.testng.internal.invokers.MethodInvocationHelper.invokeMethod(MethodInvocationHelper.java:139)
at org.testng.internal.invokers.TestInvoker.invokeMethod(TestInvoker.java:677)
at org.testng.internal.invokers.TestInvoker.invokeTestMethod(TestInvoker.java:221)
at org.testng.internal.invokers.MethodRunner.runInSequence(MethodRunner.java:50)
at org.testng.internal.invokers.TestInvoker$MethodInvocationAgent.invoke(TestInvoker.java:969)
at org.testng.internal.invokers.TestInvoker.invokeTestMethods(TestInvoker.java:194)
at org.testng.internal.invokers.TestMethodWorker.invokeTestMethods(TestMethodWorker.java:148)
at org.testng.internal.invokers.TestMethodWorker.run(TestMethodWorker.java:128)
at java.base/java.util.ArrayList.forEach(ArrayList.java:1511)
at org.testng.TestRunner.privateRun(TestRunner.java:829)
at org.testng.TestRunner.run(TestRunner.java:602)
at org.testng.SuiteRunner.runTest(SuiteRunner.java:437)
at org.testng.SuiteRunner.runSequentially(SuiteRunner.java:431)
at org.testng.SuiteRunner.privateRun(SuiteRunner.java:391)
at org.testng.SuiteRunner.run(SuiteRunner.java:330)
at org.testng.SuiteRunnerWorker.runSuite(SuiteRunnerWorker.java:52)
at org.testng.SuiteRunnerWorker.run(SuiteRunnerWorker.java:95)
at org.testng.TestNG.runSuitesSequentially(TestNG.java:1256)
at org.testng.TestNG.runSuitesLocally(TestNG.java:1176)
at org.testng.TestNG.runSuites(TestNG.java:1099)
at org.testng.TestNG.run(TestNG.java:1067)
at org.testng.remote.AbstractRemoteTestNG.run(AbstractRemoteTestNG.java:115)
at org.testng.remote.RemoteTestNG.initAndRun(RemoteTestNG.java:251)
at org.testng.remote.RemoteTestNG.main(RemoteTestNG.java:77)
]]>
            </full-stacktrace>
          </exception> <!-- org.openqa.selenium.NoSuchElementException -->
          <reporter-output>
          </reporter-output>
        </test-method> <!-- weeklyrecurranceCalender -->
        <test-method is-config="true" signature="tearDownAfterTestMethod()[pri:0, instance:com.salesforce.automation.SalesforceRandomScenarios_Testcases@361c294e]" started-at="2024-02-20T23:43:52 PST" name="tearDownAfterTestMethod" finished-at="2024-02-20T23:43:52 PST" duration-ms="57" status="PASS">
          <reporter-output>
          </reporter-output>
        </test-method> <!-- tearDownAfterTestMethod -->
      </class> <!-- com.salesforce.automation.SalesforceRandomScenarios_Testcases -->
    </test> <!-- Test_RandomScenarios -->
  </suite> <!-- RegressionSuite -->
</testng-results>
